2023-03-02 05:53:53 info: =================================
2023-03-02 05:53:53 info: ======= ENV: development =======
2023-03-02 05:53:53 info: 🚀 App listening on the port 8080
2023-03-02 05:53:53 info: 🎮 http://localhost:8080/graphql
2023-03-02 05:53:53 info: =================================
2023-03-02 05:54:44 info: =================================
2023-03-02 05:54:44 info: ======= ENV: development =======
2023-03-02 05:54:44 info: 🚀 App listening on the port 8080
2023-03-02 05:54:44 info: 🎮 http://localhost:8080/graphql
2023-03-02 05:54:44 info: =================================
2023-03-02 06:03:26 info: =================================
2023-03-02 06:03:26 info: ======= ENV: production =======
2023-03-02 06:03:26 info: 🚀 App listening on the port 8080
2023-03-02 06:03:26 info: 🎮 http://localhost:8080/graphql
2023-03-02 06:03:26 info: =================================
2023-03-02 06:05:09 info: =================================
2023-03-02 06:05:09 info: ======= ENV: development =======
2023-03-02 06:05:09 info: 🚀 App listening on the port 8080
2023-03-02 06:05:09 info: 🎮 http://localhost:8080/graphql
2023-03-02 06:05:09 info: =================================
2023-03-02 06:05:20 info: =================================
2023-03-02 06:05:20 info: ======= ENV: development =======
2023-03-02 06:05:20 info: 🚀 App listening on the port 8080
2023-03-02 06:05:20 info: 🎮 http://localhost:8080/graphql
2023-03-02 06:05:20 info: =================================
2023-03-02 06:07:59 info: =================================
2023-03-02 06:07:59 info: ======= ENV: development =======
2023-03-02 06:07:59 info: 🚀 App listening on the port 8080
2023-03-02 06:07:59 info: 🎮 http://localhost:8080/graphql
2023-03-02 06:07:59 info: =================================
2023-03-02 06:08:30 info: =================================
2023-03-02 06:08:30 info: ======= ENV: development =======
2023-03-02 06:08:30 info: 🚀 App listening on the port 8080
2023-03-02 06:08:30 info: 🎮 http://localhost:8080/graphql
2023-03-02 06:08:30 info: =================================
2023-03-02 06:09:12 info: =================================
2023-03-02 06:09:12 info: ======= ENV: development =======
2023-03-02 06:09:12 info: 🚀 App listening on the port 8080
2023-03-02 06:09:12 info: 🎮 http://localhost:8080/graphql
2023-03-02 06:09:12 info: =================================
2023-03-02 06:10:35 info: =================================
2023-03-02 06:10:35 info: ======= ENV: development =======
2023-03-02 06:10:35 info: 🚀 App listening on the port 8080
2023-03-02 06:10:35 info: 🎮 http://localhost:8080/graphql
2023-03-02 06:10:35 info: =================================
2023-03-02 06:11:25 info: =================================
2023-03-02 06:11:25 info: ======= ENV: production =======
2023-03-02 06:11:25 info: 🚀 App listening on the port 8080
2023-03-02 06:11:25 info: 🎮 http://localhost:8080/graphql
2023-03-02 06:11:25 info: =================================
2023-03-02 06:12:00 info: =================================
2023-03-02 06:12:00 info: ======= ENV: production =======
2023-03-02 06:12:00 info: 🚀 App listening on the port 8080
2023-03-02 06:12:00 info: 🎮 http://localhost:8080/graphql
2023-03-02 06:12:00 info: =================================
