2023-02-26 12:39:21 info: =================================
2023-02-26 12:39:21 info: ======= ENV: development =======
2023-02-26 12:39:21 info: 🚀 App listening on the port 8080
2023-02-26 12:39:21 info: 🎮 http://localhost:8080/graphql
2023-02-26 12:39:21 info: =================================
2023-02-26 14:36:58 info: =================================
2023-02-26 14:36:58 info: ======= ENV: production =======
2023-02-26 14:36:58 info: 🚀 App listening on the port 8080
2023-02-26 14:36:58 info: 🎮 http://localhost:8080/graphql
2023-02-26 14:36:58 info: =================================
2023-02-26 14:39:20 info: =================================
2023-02-26 14:39:20 info: ======= ENV: production =======
2023-02-26 14:39:20 info: 🚀 App listening on the port 8080
2023-02-26 14:39:20 info: 🎮 http://localhost:8080/graphql
2023-02-26 14:39:20 info: =================================
2023-02-26 14:43:27 info: =================================
2023-02-26 14:43:27 info: ======= ENV: production =======
2023-02-26 14:43:27 info: 🚀 App listening on the port 8080
2023-02-26 14:43:27 info: 🎮 http://localhost:8080/graphql
2023-02-26 14:43:27 info: =================================
2023-02-26 14:43:51 info: =================================
2023-02-26 14:43:51 info: ======= ENV: production =======
2023-02-26 14:43:51 info: 🚀 App listening on the port 8080
2023-02-26 14:43:51 info: 🎮 http://localhost:8080/graphql
2023-02-26 14:43:51 info: =================================
2023-02-26 14:47:38 info: =================================
2023-02-26 14:47:38 info: ======= ENV: production =======
2023-02-26 14:47:38 info: 🚀 App listening on the port 8080
2023-02-26 14:47:38 info: 🎮 http://localhost:8080/graphql
2023-02-26 14:47:38 info: =================================
2023-02-26 14:51:36 info: =================================
2023-02-26 14:51:36 info: ======= ENV: production =======
2023-02-26 14:51:36 info: 🚀 App listening on the port 8080
2023-02-26 14:51:36 info: 🎮 http://localhost:8080/graphql
2023-02-26 14:51:36 info: =================================
2023-02-26 15:03:01 info: =================================
2023-02-26 15:03:01 info: ======= ENV: production =======
2023-02-26 15:03:01 info: 🚀 App listening on the port 8080
2023-02-26 15:03:01 info: 🎮 http://localhost:8080/graphql
2023-02-26 15:03:01 info: =================================
2023-02-26 15:58:37 info: =================================
2023-02-26 15:58:37 info: ======= ENV: production =======
2023-02-26 15:58:37 info: 🚀 App listening on the port 8080
2023-02-26 15:58:37 info: 🎮 http://localhost:8080/graphql
2023-02-26 15:58:37 info: =================================
2023-02-26 16:02:22 info: =================================
2023-02-26 16:02:22 info: ======= ENV: production =======
2023-02-26 16:02:22 info: 🚀 App listening on the port 8080
2023-02-26 16:02:22 info: 🎮 http://localhost:8080/graphql
2023-02-26 16:02:22 info: =================================
2023-02-26 16:05:58 info: =================================
2023-02-26 16:05:58 info: ======= ENV: production =======
2023-02-26 16:05:58 info: 🚀 App listening on the port 8080
2023-02-26 16:05:58 info: 🎮 http://localhost:8080/graphql
2023-02-26 16:05:58 info: =================================
