2023-02-27 08:55:15 info: =================================
2023-02-27 08:55:15 info: ======= ENV: development =======
2023-02-27 08:55:15 info: 🚀 App listening on the port 8080
2023-02-27 08:55:15 info: 🎮 http://localhost:8080/graphql
2023-02-27 08:55:15 info: =================================
2023-02-27 08:56:23 info: =================================
2023-02-27 08:56:23 info: ======= ENV: development =======
2023-02-27 08:56:23 info: 🚀 App listening on the port 8080
2023-02-27 08:56:23 info: 🎮 http://localhost:8080/graphql
2023-02-27 08:56:23 info: =================================
2023-02-27 08:57:53 info: =================================
2023-02-27 08:57:53 info: ======= ENV: development =======
2023-02-27 08:57:53 info: 🚀 App listening on the port 8080
2023-02-27 08:57:53 info: 🎮 http://localhost:8080/graphql
2023-02-27 08:57:53 info: =================================
2023-02-27 08:58:20 info: =================================
2023-02-27 08:58:20 info: ======= ENV: development =======
2023-02-27 08:58:20 info: 🚀 App listening on the port 8080
2023-02-27 08:58:20 info: 🎮 http://localhost:8080/graphql
2023-02-27 08:58:20 info: =================================
2023-02-27 08:58:49 info: =================================
2023-02-27 08:58:49 info: ======= ENV: development =======
2023-02-27 08:58:49 info: 🚀 App listening on the port 8080
2023-02-27 08:58:49 info: 🎮 http://localhost:8080/graphql
2023-02-27 08:58:49 info: =================================
2023-02-27 09:00:00 info: =================================
2023-02-27 09:00:00 info: ======= ENV: development =======
2023-02-27 09:00:00 info: 🚀 App listening on the port 8080
2023-02-27 09:00:00 info: 🎮 http://localhost:8080/graphql
2023-02-27 09:00:00 info: =================================
2023-02-27 09:01:01 info: =================================
2023-02-27 09:01:01 info: ======= ENV: development =======
2023-02-27 09:01:01 info: 🚀 App listening on the port 8080
2023-02-27 09:01:01 info: 🎮 http://localhost:8080/graphql
2023-02-27 09:01:01 info: =================================
2023-02-27 09:02:45 info: =================================
2023-02-27 09:02:45 info: ======= ENV: development =======
2023-02-27 09:02:45 info: 🚀 App listening on the port 8080
2023-02-27 09:02:45 info: 🎮 http://localhost:8080/graphql
2023-02-27 09:02:45 info: =================================
2023-02-27 09:02:55 info: =================================
2023-02-27 09:02:55 info: ======= ENV: development =======
2023-02-27 09:02:55 info: 🚀 App listening on the port 8080
2023-02-27 09:02:55 info: 🎮 http://localhost:8080/graphql
2023-02-27 09:02:55 info: =================================
2023-02-27 09:03:28 info: =================================
2023-02-27 09:03:28 info: ======= ENV: development =======
2023-02-27 09:03:28 info: 🚀 App listening on the port 8080
2023-02-27 09:03:28 info: 🎮 http://localhost:8080/graphql
2023-02-27 09:03:28 info: =================================
2023-02-27 09:04:12 info: =================================
2023-02-27 09:04:12 info: ======= ENV: development =======
2023-02-27 09:04:12 info: 🚀 App listening on the port 8080
2023-02-27 09:04:12 info: 🎮 http://localhost:8080/graphql
2023-02-27 09:04:12 info: =================================
2023-02-27 09:04:27 info: =================================
2023-02-27 09:04:27 info: ======= ENV: development =======
2023-02-27 09:04:27 info: 🚀 App listening on the port 8080
2023-02-27 09:04:27 info: 🎮 http://localhost:8080/graphql
2023-02-27 09:04:27 info: =================================
2023-02-27 09:05:06 info: =================================
2023-02-27 09:05:06 info: ======= ENV: development =======
2023-02-27 09:05:06 info: 🚀 App listening on the port 8080
2023-02-27 09:05:06 info: 🎮 http://localhost:8080/graphql
2023-02-27 09:05:06 info: =================================
2023-02-27 09:05:25 info: =================================
2023-02-27 09:05:25 info: ======= ENV: development =======
2023-02-27 09:05:25 info: 🚀 App listening on the port 8080
2023-02-27 09:05:25 info: 🎮 http://localhost:8080/graphql
2023-02-27 09:05:25 info: =================================
2023-02-27 09:05:34 info: =================================
2023-02-27 09:05:34 info: ======= ENV: development =======
2023-02-27 09:05:34 info: 🚀 App listening on the port 8080
2023-02-27 09:05:34 info: 🎮 http://localhost:8080/graphql
2023-02-27 09:05:34 info: =================================
2023-02-27 09:05:59 info: =================================
2023-02-27 09:05:59 info: ======= ENV: development =======
2023-02-27 09:05:59 info: 🚀 App listening on the port 8080
2023-02-27 09:05:59 info: 🎮 http://localhost:8080/graphql
2023-02-27 09:05:59 info: =================================
2023-02-27 09:07:58 info: =================================
2023-02-27 09:07:58 info: ======= ENV: production =======
2023-02-27 09:07:58 info: 🚀 App listening on the port 8080
2023-02-27 09:07:58 info: 🎮 http://localhost:8080/graphql
2023-02-27 09:07:58 info: =================================
2023-02-27 09:08:16 info: =================================
2023-02-27 09:08:16 info: ======= ENV: production =======
2023-02-27 09:08:16 info: 🚀 App listening on the port 8080
2023-02-27 09:08:16 info: 🎮 http://localhost:8080/graphql
2023-02-27 09:08:16 info: =================================
