2023-02-28 00:01:16 info: =================================
2023-02-28 00:01:16 info: ======= ENV: development =======
2023-02-28 00:01:16 info: 🚀 App listening on the port 8080
2023-02-28 00:01:16 info: 🎮 http://localhost:8080/graphql
2023-02-28 00:01:16 info: =================================
2023-02-28 00:01:20 info: =================================
2023-02-28 00:01:20 info: ======= ENV: development =======
2023-02-28 00:01:20 info: 🚀 App listening on the port 8080
2023-02-28 00:01:20 info: 🎮 http://localhost:8080/graphql
2023-02-28 00:01:20 info: =================================
2023-02-28 00:08:25 info: =================================
2023-02-28 00:08:25 info: ======= ENV: development =======
2023-02-28 00:08:25 info: 🚀 App listening on the port 8080
2023-02-28 00:08:25 info: 🎮 http://localhost:8080/graphql
2023-02-28 00:08:25 info: =================================
2023-02-28 00:17:15 info: =================================
2023-02-28 00:17:15 info: ======= ENV: development =======
2023-02-28 00:17:15 info: 🚀 App listening on the port 8080
2023-02-28 00:17:15 info: 🎮 http://localhost:8080/graphql
2023-02-28 00:17:15 info: =================================
2023-02-28 00:18:50 info: =================================
2023-02-28 00:18:50 info: ======= ENV: development =======
2023-02-28 00:18:50 info: 🚀 App listening on the port 8080
2023-02-28 00:18:50 info: 🎮 http://localhost:8080/graphql
2023-02-28 00:18:50 info: =================================
2023-02-28 00:19:26 info: =================================
2023-02-28 00:19:26 info: ======= ENV: development =======
2023-02-28 00:19:26 info: 🚀 App listening on the port 8080
2023-02-28 00:19:26 info: 🎮 http://localhost:8080/graphql
2023-02-28 00:19:26 info: =================================
2023-02-28 00:21:00 info: =================================
2023-02-28 00:21:00 info: ======= ENV: development =======
2023-02-28 00:21:00 info: 🚀 App listening on the port 8080
2023-02-28 00:21:00 info: 🎮 http://localhost:8080/graphql
2023-02-28 00:21:00 info: =================================
2023-02-28 11:24:21 info: =================================
2023-02-28 11:24:21 info: ======= ENV: development =======
2023-02-28 11:24:21 info: 🚀 App listening on the port 8080
2023-02-28 11:24:21 info: 🎮 http://localhost:8080/graphql
2023-02-28 11:24:21 info: =================================
2023-02-28 11:26:34 info: =================================
2023-02-28 11:26:34 info: ======= ENV: development =======
2023-02-28 11:26:34 info: 🚀 App listening on the port 8080
2023-02-28 11:26:34 info: 🎮 http://localhost:8080/graphql
2023-02-28 11:26:34 info: =================================
2023-02-28 11:26:52 info: =================================
2023-02-28 11:26:52 info: ======= ENV: development =======
2023-02-28 11:26:52 info: 🚀 App listening on the port 8080
2023-02-28 11:26:52 info: 🎮 http://localhost:8080/graphql
2023-02-28 11:26:52 info: =================================
2023-02-28 12:10:17 info: =================================
2023-02-28 12:10:17 info: ======= ENV: development =======
2023-02-28 12:10:17 info: 🚀 App listening on the port 8080
2023-02-28 12:10:17 info: 🎮 http://localhost:8080/graphql
2023-02-28 12:10:17 info: =================================
2023-02-28 12:10:39 info: =================================
2023-02-28 12:10:39 info: ======= ENV: development =======
2023-02-28 12:10:39 info: 🚀 App listening on the port 8080
2023-02-28 12:10:39 info: 🎮 http://localhost:8080/graphql
2023-02-28 12:10:39 info: =================================
2023-02-28 13:49:19 info: =================================
2023-02-28 13:49:19 info: ======= ENV: development =======
2023-02-28 13:49:19 info: 🚀 App listening on the port 8080
2023-02-28 13:49:19 info: 🎮 http://localhost:8080/graphql
2023-02-28 13:49:19 info: =================================
2023-02-28 13:55:04 info: =================================
2023-02-28 13:55:04 info: ======= ENV: development =======
2023-02-28 13:55:04 info: 🚀 App listening on the port 8080
2023-02-28 13:55:04 info: 🎮 http://localhost:8080/graphql
2023-02-28 13:55:04 info: =================================
2023-02-28 14:04:52 info: =================================
2023-02-28 14:04:52 info: ======= ENV: development =======
2023-02-28 14:04:52 info: 🚀 App listening on the port 8080
2023-02-28 14:04:52 info: 🎮 http://localhost:8080/graphql
2023-02-28 14:04:52 info: =================================
2023-02-28 14:05:56 info: =================================
2023-02-28 14:05:56 info: ======= ENV: development =======
2023-02-28 14:05:56 info: 🚀 App listening on the port 8080
2023-02-28 14:05:56 info: 🎮 http://localhost:8080/graphql
2023-02-28 14:05:56 info: =================================
2023-02-28 14:10:22 info: =================================
2023-02-28 14:10:22 info: ======= ENV: development =======
2023-02-28 14:10:22 info: 🚀 App listening on the port 8080
2023-02-28 14:10:22 info: 🎮 http://localhost:8080/graphql
2023-02-28 14:10:22 info: =================================
2023-02-28 14:11:11 info: =================================
2023-02-28 14:11:11 info: ======= ENV: development =======
2023-02-28 14:11:11 info: 🚀 App listening on the port 8080
2023-02-28 14:11:11 info: 🎮 http://localhost:8080/graphql
2023-02-28 14:11:11 info: =================================
2023-02-28 14:13:41 info: =================================
2023-02-28 14:13:41 info: ======= ENV: development =======
2023-02-28 14:13:41 info: 🚀 App listening on the port 8080
2023-02-28 14:13:41 info: 🎮 http://localhost:8080/graphql
2023-02-28 14:13:41 info: =================================
2023-02-28 14:14:46 info: =================================
2023-02-28 14:14:46 info: ======= ENV: development =======
2023-02-28 14:14:46 info: 🚀 App listening on the port 8080
2023-02-28 14:14:46 info: 🎮 http://localhost:8080/graphql
2023-02-28 14:14:46 info: =================================
2023-02-28 14:16:16 info: =================================
2023-02-28 14:16:16 info: ======= ENV: development =======
2023-02-28 14:16:16 info: 🚀 App listening on the port 8080
2023-02-28 14:16:16 info: 🎮 http://localhost:8080/graphql
2023-02-28 14:16:16 info: =================================
2023-02-28 14:17:30 info: =================================
2023-02-28 14:17:30 info: ======= ENV: development =======
2023-02-28 14:17:30 info: 🚀 App listening on the port 8080
2023-02-28 14:17:30 info: 🎮 http://localhost:8080/graphql
2023-02-28 14:17:30 info: =================================
2023-02-28 14:23:23 info: =================================
2023-02-28 14:23:23 info: ======= ENV: development =======
2023-02-28 14:23:23 info: 🚀 App listening on the port 8080
2023-02-28 14:23:23 info: 🎮 http://localhost:8080/graphql
2023-02-28 14:23:23 info: =================================
2023-02-28 14:29:23 info: =================================
2023-02-28 14:29:23 info: ======= ENV: development =======
2023-02-28 14:29:23 info: 🚀 App listening on the port 8080
2023-02-28 14:29:23 info: 🎮 http://localhost:8080/graphql
2023-02-28 14:29:23 info: =================================
2023-02-28 14:36:39 info: =================================
2023-02-28 14:36:39 info: ======= ENV: development =======
2023-02-28 14:36:39 info: 🚀 App listening on the port 8080
2023-02-28 14:36:39 info: 🎮 http://localhost:8080/graphql
2023-02-28 14:36:39 info: =================================
2023-02-28 14:43:26 info: =================================
2023-02-28 14:43:26 info: ======= ENV: production =======
2023-02-28 14:43:26 info: 🚀 App listening on the port 8080
2023-02-28 14:43:26 info: 🎮 http://localhost:8080/graphql
2023-02-28 14:43:26 info: =================================
2023-02-28 14:45:04 info: =================================
2023-02-28 14:45:04 info: ======= ENV: production =======
2023-02-28 14:45:04 info: 🚀 App listening on the port 8080
2023-02-28 14:45:04 info: 🎮 http://localhost:8080/graphql
2023-02-28 14:45:04 info: =================================
