2023-02-05 12:10:44 info: =================================
2023-02-05 12:10:44 info: ======= ENV: development =======
2023-02-05 12:10:44 info: 🚀 App listening on the port 3000
2023-02-05 12:10:44 info: 🎮 http://localhost:3000/graphql
2023-02-05 12:10:44 info: =================================
2023-02-05 12:10:51 info: 
    query IntrospectionQuery {
      __schema {
        
        queryType { name }
        mutationType { name }
        subscriptionType { name }
        types {
          ...FullType
        }
        directives {
          name
          description
          
          locations
          args {
            ...InputValue
          }
        }
      }
    }

    fragment FullType on __Type {
      kind
      name
      description
      
      fields(includeDeprecated: true) {
        name
        description
        args {
          ...InputValue
        }
        type {
          ...TypeRef
        }
        isDeprecated
        deprecationReason
      }
      inputFields {
        ...InputValue
      }
      interfaces {
        ...TypeRef
      }
      enumValues(includeDeprecated: true) {
        name
        description
        isDeprecated
        deprecationReason
      }
      possibleTypes {
        ...TypeRef
      }
    }

    fragment InputValue on __InputValue {
      name
      description
      type { ...TypeRef }
      defaultValue
      
      
    }

    fragment TypeRef on __Type {
      kind
      name
      ofType {
        kind
        name
        ofType {
          kind
          name
          ofType {
            kind
            name
            ofType {
              kind
              name
              ofType {
                kind
                name
                ofType {
                  kind
                  name
                  ofType {
                    kind
                    name
                  }
                }
              }
            }
          }
        }
      }
    }
  
2023-02-05 12:10:51 info: 
    query IntrospectionQuery {
      __schema {
        
        queryType { name }
        mutationType { name }
        subscriptionType { name }
        types {
          ...FullType
        }
        directives {
          name
          description
          
          locations
          args {
            ...InputValue
          }
        }
      }
    }

    fragment FullType on __Type {
      kind
      name
      description
      
      fields(includeDeprecated: true) {
        name
        description
        args {
          ...InputValue
        }
        type {
          ...TypeRef
        }
        isDeprecated
        deprecationReason
      }
      inputFields {
        ...InputValue
      }
      interfaces {
        ...TypeRef
      }
      enumValues(includeDeprecated: true) {
        name
        description
        isDeprecated
        deprecationReason
      }
      possibleTypes {
        ...TypeRef
      }
    }

    fragment InputValue on __InputValue {
      name
      description
      type { ...TypeRef }
      defaultValue
      
      
    }

    fragment TypeRef on __Type {
      kind
      name
      ofType {
        kind
        name
        ofType {
          kind
          name
          ofType {
            kind
            name
            ofType {
              kind
              name
              ofType {
                kind
                name
                ofType {
                  kind
                  name
                  ofType {
                    kind
                    name
                  }
                }
              }
            }
          }
        }
      }
    }
  
2023-02-05 12:10:53 info: 
    query IntrospectionQuery {
      __schema {
        
        queryType { name }
        mutationType { name }
        subscriptionType { name }
        types {
          ...FullType
        }
        directives {
          name
          description
          
          locations
          args {
            ...InputValue
          }
        }
      }
    }

    fragment FullType on __Type {
      kind
      name
      description
      
      fields(includeDeprecated: true) {
        name
        description
        args {
          ...InputValue
        }
        type {
          ...TypeRef
        }
        isDeprecated
        deprecationReason
      }
      inputFields {
        ...InputValue
      }
      interfaces {
        ...TypeRef
      }
      enumValues(includeDeprecated: true) {
        name
        description
        isDeprecated
        deprecationReason
      }
      possibleTypes {
        ...TypeRef
      }
    }

    fragment InputValue on __InputValue {
      name
      description
      type { ...TypeRef }
      defaultValue
      
      
    }

    fragment TypeRef on __Type {
      kind
      name
      ofType {
        kind
        name
        ofType {
          kind
          name
          ofType {
            kind
            name
            ofType {
              kind
              name
              ofType {
                kind
                name
                ofType {
                  kind
                  name
                  ofType {
                    kind
                    name
                  }
                }
              }
            }
          }
        }
      }
    }
  
2023-02-05 12:10:53 info: 
    query IntrospectionQuery {
      __schema {
        
        queryType { name }
        mutationType { name }
        subscriptionType { name }
        types {
          ...FullType
        }
        directives {
          name
          description
          
          locations
          args {
            ...InputValue
          }
        }
      }
    }

    fragment FullType on __Type {
      kind
      name
      description
      
      fields(includeDeprecated: true) {
        name
        description
        args {
          ...InputValue
        }
        type {
          ...TypeRef
        }
        isDeprecated
        deprecationReason
      }
      inputFields {
        ...InputValue
      }
      interfaces {
        ...TypeRef
      }
      enumValues(includeDeprecated: true) {
        name
        description
        isDeprecated
        deprecationReason
      }
      possibleTypes {
        ...TypeRef
      }
    }

    fragment InputValue on __InputValue {
      name
      description
      type { ...TypeRef }
      defaultValue
      
      
    }

    fragment TypeRef on __Type {
      kind
      name
      ofType {
        kind
        name
        ofType {
          kind
          name
          ofType {
            kind
            name
            ofType {
              kind
              name
              ofType {
                kind
                name
                ofType {
                  kind
                  name
                  ofType {
                    kind
                    name
                  }
                }
              }
            }
          }
        }
      }
    }
  
2023-02-05 12:11:56 info: =================================
2023-02-05 12:11:56 info: ======= ENV: development =======
2023-02-05 12:11:56 info: 🚀 App listening on the port 3000
2023-02-05 12:11:56 info: 🎮 http://localhost:3000/graphql
2023-02-05 12:11:56 info: =================================
2023-02-05 12:11:56 info: 
    query IntrospectionQuery {
      __schema {
        
        queryType { name }
        mutationType { name }
        subscriptionType { name }
        types {
          ...FullType
        }
        directives {
          name
          description
          
          locations
          args {
            ...InputValue
          }
        }
      }
    }

    fragment FullType on __Type {
      kind
      name
      description
      
      fields(includeDeprecated: true) {
        name
        description
        args {
          ...InputValue
        }
        type {
          ...TypeRef
        }
        isDeprecated
        deprecationReason
      }
      inputFields {
        ...InputValue
      }
      interfaces {
        ...TypeRef
      }
      enumValues(includeDeprecated: true) {
        name
        description
        isDeprecated
        deprecationReason
      }
      possibleTypes {
        ...TypeRef
      }
    }

    fragment InputValue on __InputValue {
      name
      description
      type { ...TypeRef }
      defaultValue
      
      
    }

    fragment TypeRef on __Type {
      kind
      name
      ofType {
        kind
        name
        ofType {
          kind
          name
          ofType {
            kind
            name
            ofType {
              kind
              name
              ofType {
                kind
                name
                ofType {
                  kind
                  name
                  ofType {
                    kind
                    name
                  }
                }
              }
            }
          }
        }
      }
    }
  
2023-02-05 12:11:58 info: 
    query IntrospectionQuery {
      __schema {
        
        queryType { name }
        mutationType { name }
        subscriptionType { name }
        types {
          ...FullType
        }
        directives {
          name
          description
          
          locations
          args {
            ...InputValue
          }
        }
      }
    }

    fragment FullType on __Type {
      kind
      name
      description
      
      fields(includeDeprecated: true) {
        name
        description
        args {
          ...InputValue
        }
        type {
          ...TypeRef
        }
        isDeprecated
        deprecationReason
      }
      inputFields {
        ...InputValue
      }
      interfaces {
        ...TypeRef
      }
      enumValues(includeDeprecated: true) {
        name
        description
        isDeprecated
        deprecationReason
      }
      possibleTypes {
        ...TypeRef
      }
    }

    fragment InputValue on __InputValue {
      name
      description
      type { ...TypeRef }
      defaultValue
      
      
    }

    fragment TypeRef on __Type {
      kind
      name
      ofType {
        kind
        name
        ofType {
          kind
          name
          ofType {
            kind
            name
            ofType {
              kind
              name
              ofType {
                kind
                name
                ofType {
                  kind
                  name
                  ofType {
                    kind
                    name
                  }
                }
              }
            }
          }
        }
      }
    }
  
2023-02-05 12:11:58 info: 
    query IntrospectionQuery {
      __schema {
        
        queryType { name }
        mutationType { name }
        subscriptionType { name }
        types {
          ...FullType
        }
        directives {
          name
          description
          
          locations
          args {
            ...InputValue
          }
        }
      }
    }

    fragment FullType on __Type {
      kind
      name
      description
      
      fields(includeDeprecated: true) {
        name
        description
        args {
          ...InputValue
        }
        type {
          ...TypeRef
        }
        isDeprecated
        deprecationReason
      }
      inputFields {
        ...InputValue
      }
      interfaces {
        ...TypeRef
      }
      enumValues(includeDeprecated: true) {
        name
        description
        isDeprecated
        deprecationReason
      }
      possibleTypes {
        ...TypeRef
      }
    }

    fragment InputValue on __InputValue {
      name
      description
      type { ...TypeRef }
      defaultValue
      
      
    }

    fragment TypeRef on __Type {
      kind
      name
      ofType {
        kind
        name
        ofType {
          kind
          name
          ofType {
            kind
            name
            ofType {
              kind
              name
              ofType {
                kind
                name
                ofType {
                  kind
                  name
                  ofType {
                    kind
                    name
                  }
                }
              }
            }
          }
        }
      }
    }
  
2023-02-05 12:11:59 info: 
    query IntrospectionQuery {
      __schema {
        
        queryType { name }
        mutationType { name }
        subscriptionType { name }
        types {
          ...FullType
        }
        directives {
          name
          description
          
          locations
          args {
            ...InputValue
          }
        }
      }
    }

    fragment FullType on __Type {
      kind
      name
      description
      
      fields(includeDeprecated: true) {
        name
        description
        args {
          ...InputValue
        }
        type {
          ...TypeRef
        }
        isDeprecated
        deprecationReason
      }
      inputFields {
        ...InputValue
      }
      interfaces {
        ...TypeRef
      }
      enumValues(includeDeprecated: true) {
        name
        description
        isDeprecated
        deprecationReason
      }
      possibleTypes {
        ...TypeRef
      }
    }

    fragment InputValue on __InputValue {
      name
      description
      type { ...TypeRef }
      defaultValue
      
      
    }

    fragment TypeRef on __Type {
      kind
      name
      ofType {
        kind
        name
        ofType {
          kind
          name
          ofType {
            kind
            name
            ofType {
              kind
              name
              ofType {
                kind
                name
                ofType {
                  kind
                  name
                  ofType {
                    kind
                    name
                  }
                }
              }
            }
          }
        }
      }
    }
  
2023-02-05 12:12:50 info: 
    query IntrospectionQuery {
      __schema {
        
        queryType { name }
        mutationType { name }
        subscriptionType { name }
        types {
          ...FullType
        }
        directives {
          name
          description
          
          locations
          args {
            ...InputValue
          }
        }
      }
    }

    fragment FullType on __Type {
      kind
      name
      description
      
      fields(includeDeprecated: true) {
        name
        description
        args {
          ...InputValue
        }
        type {
          ...TypeRef
        }
        isDeprecated
        deprecationReason
      }
      inputFields {
        ...InputValue
      }
      interfaces {
        ...TypeRef
      }
      enumValues(includeDeprecated: true) {
        name
        description
        isDeprecated
        deprecationReason
      }
      possibleTypes {
        ...TypeRef
      }
    }

    fragment InputValue on __InputValue {
      name
      description
      type { ...TypeRef }
      defaultValue
      
      
    }

    fragment TypeRef on __Type {
      kind
      name
      ofType {
        kind
        name
        ofType {
          kind
          name
          ofType {
            kind
            name
            ofType {
              kind
              name
              ofType {
                kind
                name
                ofType {
                  kind
                  name
                  ofType {
                    kind
                    name
                  }
                }
              }
            }
          }
        }
      }
    }
  
2023-02-05 12:13:57 info: 
    query IntrospectionQuery {
      __schema {
        
        queryType { name }
        mutationType { name }
        subscriptionType { name }
        types {
          ...FullType
        }
        directives {
          name
          description
          
          locations
          args {
            ...InputValue
          }
        }
      }
    }

    fragment FullType on __Type {
      kind
      name
      description
      
      fields(includeDeprecated: true) {
        name
        description
        args {
          ...InputValue
        }
        type {
          ...TypeRef
        }
        isDeprecated
        deprecationReason
      }
      inputFields {
        ...InputValue
      }
      interfaces {
        ...TypeRef
      }
      enumValues(includeDeprecated: true) {
        name
        description
        isDeprecated
        deprecationReason
      }
      possibleTypes {
        ...TypeRef
      }
    }

    fragment InputValue on __InputValue {
      name
      description
      type { ...TypeRef }
      defaultValue
      
      
    }

    fragment TypeRef on __Type {
      kind
      name
      ofType {
        kind
        name
        ofType {
          kind
          name
          ofType {
            kind
            name
            ofType {
              kind
              name
              ofType {
                kind
                name
                ofType {
                  kind
                  name
                  ofType {
                    kind
                    name
                  }
                }
              }
            }
          }
        }
      }
    }
  
2023-02-05 12:14:57 info: 
    query IntrospectionQuery {
      __schema {
        
        queryType { name }
        mutationType { name }
        subscriptionType { name }
        types {
          ...FullType
        }
        directives {
          name
          description
          
          locations
          args {
            ...InputValue
          }
        }
      }
    }

    fragment FullType on __Type {
      kind
      name
      description
      
      fields(includeDeprecated: true) {
        name
        description
        args {
          ...InputValue
        }
        type {
          ...TypeRef
        }
        isDeprecated
        deprecationReason
      }
      inputFields {
        ...InputValue
      }
      interfaces {
        ...TypeRef
      }
      enumValues(includeDeprecated: true) {
        name
        description
        isDeprecated
        deprecationReason
      }
      possibleTypes {
        ...TypeRef
      }
    }

    fragment InputValue on __InputValue {
      name
      description
      type { ...TypeRef }
      defaultValue
      
      
    }

    fragment TypeRef on __Type {
      kind
      name
      ofType {
        kind
        name
        ofType {
          kind
          name
          ofType {
            kind
            name
            ofType {
              kind
              name
              ofType {
                kind
                name
                ofType {
                  kind
                  name
                  ofType {
                    kind
                    name
                  }
                }
              }
            }
          }
        }
      }
    }
  
2023-02-05 12:15:55 info: 
    query IntrospectionQuery {
      __schema {
        
        queryType { name }
        mutationType { name }
        subscriptionType { name }
        types {
          ...FullType
        }
        directives {
          name
          description
          
          locations
          args {
            ...InputValue
          }
        }
      }
    }

    fragment FullType on __Type {
      kind
      name
      description
      
      fields(includeDeprecated: true) {
        name
        description
        args {
          ...InputValue
        }
        type {
          ...TypeRef
        }
        isDeprecated
        deprecationReason
      }
      inputFields {
        ...InputValue
      }
      interfaces {
        ...TypeRef
      }
      enumValues(includeDeprecated: true) {
        name
        description
        isDeprecated
        deprecationReason
      }
      possibleTypes {
        ...TypeRef
      }
    }

    fragment InputValue on __InputValue {
      name
      description
      type { ...TypeRef }
      defaultValue
      
      
    }

    fragment TypeRef on __Type {
      kind
      name
      ofType {
        kind
        name
        ofType {
          kind
          name
          ofType {
            kind
            name
            ofType {
              kind
              name
              ofType {
                kind
                name
                ofType {
                  kind
                  name
                  ofType {
                    kind
                    name
                  }
                }
              }
            }
          }
        }
      }
    }
  
2023-02-05 12:16:59 info: 
    query IntrospectionQuery {
      __schema {
        
        queryType { name }
        mutationType { name }
        subscriptionType { name }
        types {
          ...FullType
        }
        directives {
          name
          description
          
          locations
          args {
            ...InputValue
          }
        }
      }
    }

    fragment FullType on __Type {
      kind
      name
      description
      
      fields(includeDeprecated: true) {
        name
        description
        args {
          ...InputValue
        }
        type {
          ...TypeRef
        }
        isDeprecated
        deprecationReason
      }
      inputFields {
        ...InputValue
      }
      interfaces {
        ...TypeRef
      }
      enumValues(includeDeprecated: true) {
        name
        description
        isDeprecated
        deprecationReason
      }
      possibleTypes {
        ...TypeRef
      }
    }

    fragment InputValue on __InputValue {
      name
      description
      type { ...TypeRef }
      defaultValue
      
      
    }

    fragment TypeRef on __Type {
      kind
      name
      ofType {
        kind
        name
        ofType {
          kind
          name
          ofType {
            kind
            name
            ofType {
              kind
              name
              ofType {
                kind
                name
                ofType {
                  kind
                  name
                  ofType {
                    kind
                    name
                  }
                }
              }
            }
          }
        }
      }
    }
  
2023-02-05 12:17:59 info: 
    query IntrospectionQuery {
      __schema {
        
        queryType { name }
        mutationType { name }
        subscriptionType { name }
        types {
          ...FullType
        }
        directives {
          name
          description
          
          locations
          args {
            ...InputValue
          }
        }
      }
    }

    fragment FullType on __Type {
      kind
      name
      description
      
      fields(includeDeprecated: true) {
        name
        description
        args {
          ...InputValue
        }
        type {
          ...TypeRef
        }
        isDeprecated
        deprecationReason
      }
      inputFields {
        ...InputValue
      }
      interfaces {
        ...TypeRef
      }
      enumValues(includeDeprecated: true) {
        name
        description
        isDeprecated
        deprecationReason
      }
      possibleTypes {
        ...TypeRef
      }
    }

    fragment InputValue on __InputValue {
      name
      description
      type { ...TypeRef }
      defaultValue
      
      
    }

    fragment TypeRef on __Type {
      kind
      name
      ofType {
        kind
        name
        ofType {
          kind
          name
          ofType {
            kind
            name
            ofType {
              kind
              name
              ofType {
                kind
                name
                ofType {
                  kind
                  name
                  ofType {
                    kind
                    name
                  }
                }
              }
            }
          }
        }
      }
    }
  
2023-02-05 12:18:53 info: 
    query IntrospectionQuery {
      __schema {
        
        queryType { name }
        mutationType { name }
        subscriptionType { name }
        types {
          ...FullType
        }
        directives {
          name
          description
          
          locations
          args {
            ...InputValue
          }
        }
      }
    }

    fragment FullType on __Type {
      kind
      name
      description
      
      fields(includeDeprecated: true) {
        name
        description
        args {
          ...InputValue
        }
        type {
          ...TypeRef
        }
        isDeprecated
        deprecationReason
      }
      inputFields {
        ...InputValue
      }
      interfaces {
        ...TypeRef
      }
      enumValues(includeDeprecated: true) {
        name
        description
        isDeprecated
        deprecationReason
      }
      possibleTypes {
        ...TypeRef
      }
    }

    fragment InputValue on __InputValue {
      name
      description
      type { ...TypeRef }
      defaultValue
      
      
    }

    fragment TypeRef on __Type {
      kind
      name
      ofType {
        kind
        name
        ofType {
          kind
          name
          ofType {
            kind
            name
            ofType {
              kind
              name
              ofType {
                kind
                name
                ofType {
                  kind
                  name
                  ofType {
                    kind
                    name
                  }
                }
              }
            }
          }
        }
      }
    }
  
2023-02-05 12:19:08 info: =================================
2023-02-05 12:19:08 info: ======= ENV: development =======
2023-02-05 12:19:08 info: 🚀 App listening on the port 3000
2023-02-05 12:19:08 info: 🎮 http://localhost:3000/graphql
2023-02-05 12:19:08 info: =================================
2023-02-05 12:19:50 info: 
    query IntrospectionQuery {
      __schema {
        
        queryType { name }
        mutationType { name }
        subscriptionType { name }
        types {
          ...FullType
        }
        directives {
          name
          description
          
          locations
          args {
            ...InputValue
          }
        }
      }
    }

    fragment FullType on __Type {
      kind
      name
      description
      
      fields(includeDeprecated: true) {
        name
        description
        args {
          ...InputValue
        }
        type {
          ...TypeRef
        }
        isDeprecated
        deprecationReason
      }
      inputFields {
        ...InputValue
      }
      interfaces {
        ...TypeRef
      }
      enumValues(includeDeprecated: true) {
        name
        description
        isDeprecated
        deprecationReason
      }
      possibleTypes {
        ...TypeRef
      }
    }

    fragment InputValue on __InputValue {
      name
      description
      type { ...TypeRef }
      defaultValue
      
      
    }

    fragment TypeRef on __Type {
      kind
      name
      ofType {
        kind
        name
        ofType {
          kind
          name
          ofType {
            kind
            name
            ofType {
              kind
              name
              ofType {
                kind
                name
                ofType {
                  kind
                  name
                  ofType {
                    kind
                    name
                  }
                }
              }
            }
          }
        }
      }
    }
  
2023-02-05 12:20:50 info: 
    query IntrospectionQuery {
      __schema {
        
        queryType { name }
        mutationType { name }
        subscriptionType { name }
        types {
          ...FullType
        }
        directives {
          name
          description
          
          locations
          args {
            ...InputValue
          }
        }
      }
    }

    fragment FullType on __Type {
      kind
      name
      description
      
      fields(includeDeprecated: true) {
        name
        description
        args {
          ...InputValue
        }
        type {
          ...TypeRef
        }
        isDeprecated
        deprecationReason
      }
      inputFields {
        ...InputValue
      }
      interfaces {
        ...TypeRef
      }
      enumValues(includeDeprecated: true) {
        name
        description
        isDeprecated
        deprecationReason
      }
      possibleTypes {
        ...TypeRef
      }
    }

    fragment InputValue on __InputValue {
      name
      description
      type { ...TypeRef }
      defaultValue
      
      
    }

    fragment TypeRef on __Type {
      kind
      name
      ofType {
        kind
        name
        ofType {
          kind
          name
          ofType {
            kind
            name
            ofType {
              kind
              name
              ofType {
                kind
                name
                ofType {
                  kind
                  name
                  ofType {
                    kind
                    name
                  }
                }
              }
            }
          }
        }
      }
    }
  
2023-02-05 12:21:55 info: 
    query IntrospectionQuery {
      __schema {
        
        queryType { name }
        mutationType { name }
        subscriptionType { name }
        types {
          ...FullType
        }
        directives {
          name
          description
          
          locations
          args {
            ...InputValue
          }
        }
      }
    }

    fragment FullType on __Type {
      kind
      name
      description
      
      fields(includeDeprecated: true) {
        name
        description
        args {
          ...InputValue
        }
        type {
          ...TypeRef
        }
        isDeprecated
        deprecationReason
      }
      inputFields {
        ...InputValue
      }
      interfaces {
        ...TypeRef
      }
      enumValues(includeDeprecated: true) {
        name
        description
        isDeprecated
        deprecationReason
      }
      possibleTypes {
        ...TypeRef
      }
    }

    fragment InputValue on __InputValue {
      name
      description
      type { ...TypeRef }
      defaultValue
      
      
    }

    fragment TypeRef on __Type {
      kind
      name
      ofType {
        kind
        name
        ofType {
          kind
          name
          ofType {
            kind
            name
            ofType {
              kind
              name
              ofType {
                kind
                name
                ofType {
                  kind
                  name
                  ofType {
                    kind
                    name
                  }
                }
              }
            }
          }
        }
      }
    }
  
2023-02-05 12:22:44 info: =================================
2023-02-05 12:22:44 info: ======= ENV: development =======
2023-02-05 12:22:44 info: 🚀 App listening on the port 3000
2023-02-05 12:22:44 info: 🎮 http://localhost:3000/graphql
2023-02-05 12:22:44 info: =================================
2023-02-05 12:23:00 info: 
    query IntrospectionQuery {
      __schema {
        
        queryType { name }
        mutationType { name }
        subscriptionType { name }
        types {
          ...FullType
        }
        directives {
          name
          description
          
          locations
          args {
            ...InputValue
          }
        }
      }
    }

    fragment FullType on __Type {
      kind
      name
      description
      
      fields(includeDeprecated: true) {
        name
        description
        args {
          ...InputValue
        }
        type {
          ...TypeRef
        }
        isDeprecated
        deprecationReason
      }
      inputFields {
        ...InputValue
      }
      interfaces {
        ...TypeRef
      }
      enumValues(includeDeprecated: true) {
        name
        description
        isDeprecated
        deprecationReason
      }
      possibleTypes {
        ...TypeRef
      }
    }

    fragment InputValue on __InputValue {
      name
      description
      type { ...TypeRef }
      defaultValue
      
      
    }

    fragment TypeRef on __Type {
      kind
      name
      ofType {
        kind
        name
        ofType {
          kind
          name
          ofType {
            kind
            name
            ofType {
              kind
              name
              ofType {
                kind
                name
                ofType {
                  kind
                  name
                  ofType {
                    kind
                    name
                  }
                }
              }
            }
          }
        }
      }
    }
  
2023-02-05 12:23:17 info: =================================
2023-02-05 12:23:17 info: ======= ENV: development =======
2023-02-05 12:23:17 info: 🚀 App listening on the port 3000
2023-02-05 12:23:17 info: 🎮 http://localhost:3000/graphql
2023-02-05 12:23:17 info: =================================
2023-02-05 12:23:57 info: 
    query IntrospectionQuery {
      __schema {
        
        queryType { name }
        mutationType { name }
        subscriptionType { name }
        types {
          ...FullType
        }
        directives {
          name
          description
          
          locations
          args {
            ...InputValue
          }
        }
      }
    }

    fragment FullType on __Type {
      kind
      name
      description
      
      fields(includeDeprecated: true) {
        name
        description
        args {
          ...InputValue
        }
        type {
          ...TypeRef
        }
        isDeprecated
        deprecationReason
      }
      inputFields {
        ...InputValue
      }
      interfaces {
        ...TypeRef
      }
      enumValues(includeDeprecated: true) {
        name
        description
        isDeprecated
        deprecationReason
      }
      possibleTypes {
        ...TypeRef
      }
    }

    fragment InputValue on __InputValue {
      name
      description
      type { ...TypeRef }
      defaultValue
      
      
    }

    fragment TypeRef on __Type {
      kind
      name
      ofType {
        kind
        name
        ofType {
          kind
          name
          ofType {
            kind
            name
            ofType {
              kind
              name
              ofType {
                kind
                name
                ofType {
                  kind
                  name
                  ofType {
                    kind
                    name
                  }
                }
              }
            }
          }
        }
      }
    }
  
2023-02-05 12:24:55 info: 
    query IntrospectionQuery {
      __schema {
        
        queryType { name }
        mutationType { name }
        subscriptionType { name }
        types {
          ...FullType
        }
        directives {
          name
          description
          
          locations
          args {
            ...InputValue
          }
        }
      }
    }

    fragment FullType on __Type {
      kind
      name
      description
      
      fields(includeDeprecated: true) {
        name
        description
        args {
          ...InputValue
        }
        type {
          ...TypeRef
        }
        isDeprecated
        deprecationReason
      }
      inputFields {
        ...InputValue
      }
      interfaces {
        ...TypeRef
      }
      enumValues(includeDeprecated: true) {
        name
        description
        isDeprecated
        deprecationReason
      }
      possibleTypes {
        ...TypeRef
      }
    }

    fragment InputValue on __InputValue {
      name
      description
      type { ...TypeRef }
      defaultValue
      
      
    }

    fragment TypeRef on __Type {
      kind
      name
      ofType {
        kind
        name
        ofType {
          kind
          name
          ofType {
            kind
            name
            ofType {
              kind
              name
              ofType {
                kind
                name
                ofType {
                  kind
                  name
                  ofType {
                    kind
                    name
                  }
                }
              }
            }
          }
        }
      }
    }
  
2023-02-05 12:26:00 info: 
    query IntrospectionQuery {
      __schema {
        
        queryType { name }
        mutationType { name }
        subscriptionType { name }
        types {
          ...FullType
        }
        directives {
          name
          description
          
          locations
          args {
            ...InputValue
          }
        }
      }
    }

    fragment FullType on __Type {
      kind
      name
      description
      
      fields(includeDeprecated: true) {
        name
        description
        args {
          ...InputValue
        }
        type {
          ...TypeRef
        }
        isDeprecated
        deprecationReason
      }
      inputFields {
        ...InputValue
      }
      interfaces {
        ...TypeRef
      }
      enumValues(includeDeprecated: true) {
        name
        description
        isDeprecated
        deprecationReason
      }
      possibleTypes {
        ...TypeRef
      }
    }

    fragment InputValue on __InputValue {
      name
      description
      type { ...TypeRef }
      defaultValue
      
      
    }

    fragment TypeRef on __Type {
      kind
      name
      ofType {
        kind
        name
        ofType {
          kind
          name
          ofType {
            kind
            name
            ofType {
              kind
              name
              ofType {
                kind
                name
                ofType {
                  kind
                  name
                  ofType {
                    kind
                    name
                  }
                }
              }
            }
          }
        }
      }
    }
  
2023-02-05 12:27:02 info: 
    query IntrospectionQuery {
      __schema {
        
        queryType { name }
        mutationType { name }
        subscriptionType { name }
        types {
          ...FullType
        }
        directives {
          name
          description
          
          locations
          args {
            ...InputValue
          }
        }
      }
    }

    fragment FullType on __Type {
      kind
      name
      description
      
      fields(includeDeprecated: true) {
        name
        description
        args {
          ...InputValue
        }
        type {
          ...TypeRef
        }
        isDeprecated
        deprecationReason
      }
      inputFields {
        ...InputValue
      }
      interfaces {
        ...TypeRef
      }
      enumValues(includeDeprecated: true) {
        name
        description
        isDeprecated
        deprecationReason
      }
      possibleTypes {
        ...TypeRef
      }
    }

    fragment InputValue on __InputValue {
      name
      description
      type { ...TypeRef }
      defaultValue
      
      
    }

    fragment TypeRef on __Type {
      kind
      name
      ofType {
        kind
        name
        ofType {
          kind
          name
          ofType {
            kind
            name
            ofType {
              kind
              name
              ofType {
                kind
                name
                ofType {
                  kind
                  name
                  ofType {
                    kind
                    name
                  }
                }
              }
            }
          }
        }
      }
    }
  
2023-02-05 12:27:55 info: 
    query IntrospectionQuery {
      __schema {
        
        queryType { name }
        mutationType { name }
        subscriptionType { name }
        types {
          ...FullType
        }
        directives {
          name
          description
          
          locations
          args {
            ...InputValue
          }
        }
      }
    }

    fragment FullType on __Type {
      kind
      name
      description
      
      fields(includeDeprecated: true) {
        name
        description
        args {
          ...InputValue
        }
        type {
          ...TypeRef
        }
        isDeprecated
        deprecationReason
      }
      inputFields {
        ...InputValue
      }
      interfaces {
        ...TypeRef
      }
      enumValues(includeDeprecated: true) {
        name
        description
        isDeprecated
        deprecationReason
      }
      possibleTypes {
        ...TypeRef
      }
    }

    fragment InputValue on __InputValue {
      name
      description
      type { ...TypeRef }
      defaultValue
      
      
    }

    fragment TypeRef on __Type {
      kind
      name
      ofType {
        kind
        name
        ofType {
          kind
          name
          ofType {
            kind
            name
            ofType {
              kind
              name
              ofType {
                kind
                name
                ofType {
                  kind
                  name
                  ofType {
                    kind
                    name
                  }
                }
              }
            }
          }
        }
      }
    }
  
2023-02-05 12:28:10 info: 
    query IntrospectionQuery {
      __schema {
        
        queryType { name }
        mutationType { name }
        subscriptionType { name }
        types {
          ...FullType
        }
        directives {
          name
          description
          
          locations
          args {
            ...InputValue
          }
        }
      }
    }

    fragment FullType on __Type {
      kind
      name
      description
      
      fields(includeDeprecated: true) {
        name
        description
        args {
          ...InputValue
        }
        type {
          ...TypeRef
        }
        isDeprecated
        deprecationReason
      }
      inputFields {
        ...InputValue
      }
      interfaces {
        ...TypeRef
      }
      enumValues(includeDeprecated: true) {
        name
        description
        isDeprecated
        deprecationReason
      }
      possibleTypes {
        ...TypeRef
      }
    }

    fragment InputValue on __InputValue {
      name
      description
      type { ...TypeRef }
      defaultValue
      
      
    }

    fragment TypeRef on __Type {
      kind
      name
      ofType {
        kind
        name
        ofType {
          kind
          name
          ofType {
            kind
            name
            ofType {
              kind
              name
              ofType {
                kind
                name
                ofType {
                  kind
                  name
                  ofType {
                    kind
                    name
                  }
                }
              }
            }
          }
        }
      }
    }
  
2023-02-05 12:28:11 info: 
    query IntrospectionQuery {
      __schema {
        
        queryType { name }
        mutationType { name }
        subscriptionType { name }
        types {
          ...FullType
        }
        directives {
          name
          description
          
          locations
          args {
            ...InputValue
          }
        }
      }
    }

    fragment FullType on __Type {
      kind
      name
      description
      
      fields(includeDeprecated: true) {
        name
        description
        args {
          ...InputValue
        }
        type {
          ...TypeRef
        }
        isDeprecated
        deprecationReason
      }
      inputFields {
        ...InputValue
      }
      interfaces {
        ...TypeRef
      }
      enumValues(includeDeprecated: true) {
        name
        description
        isDeprecated
        deprecationReason
      }
      possibleTypes {
        ...TypeRef
      }
    }

    fragment InputValue on __InputValue {
      name
      description
      type { ...TypeRef }
      defaultValue
      
      
    }

    fragment TypeRef on __Type {
      kind
      name
      ofType {
        kind
        name
        ofType {
          kind
          name
          ofType {
            kind
            name
            ofType {
              kind
              name
              ofType {
                kind
                name
                ofType {
                  kind
                  name
                  ofType {
                    kind
                    name
                  }
                }
              }
            }
          }
        }
      }
    }
  
2023-02-05 12:36:33 info: =================================
2023-02-05 12:36:33 info: ======= ENV: development =======
2023-02-05 12:36:33 info: 🚀 App listening on the port 3000
2023-02-05 12:36:33 info: 🎮 http://localhost:3000/graphql
2023-02-05 12:36:33 info: =================================
2023-02-05 12:37:34 info: =================================
2023-02-05 12:37:34 info: ======= ENV: development =======
2023-02-05 12:37:34 info: 🚀 App listening on the port 3000
2023-02-05 12:37:34 info: 🎮 http://localhost:3000/graphql
2023-02-05 12:37:34 info: =================================
2023-02-05 12:38:34 info: =================================
2023-02-05 12:38:34 info: ======= ENV: development =======
2023-02-05 12:38:34 info: 🚀 App listening on the port 3000
2023-02-05 12:38:34 info: 🎮 http://localhost:3000/graphql
2023-02-05 12:38:34 info: =================================
2023-02-05 12:39:15 info: =================================
2023-02-05 12:39:15 info: ======= ENV: development =======
2023-02-05 12:39:15 info: 🚀 App listening on the port 3000
2023-02-05 12:39:15 info: 🎮 http://localhost:3000/graphql
2023-02-05 12:39:15 info: =================================
2023-02-05 12:39:40 info: =================================
2023-02-05 12:39:40 info: ======= ENV: development =======
2023-02-05 12:39:40 info: 🚀 App listening on the port 3000
2023-02-05 12:39:40 info: 🎮 http://localhost:3000/graphql
2023-02-05 12:39:40 info: =================================
2023-02-05 12:45:58 info: =================================
2023-02-05 12:45:58 info: ======= ENV: development =======
2023-02-05 12:45:58 info: 🚀 App listening on the port 3000
2023-02-05 12:45:58 info: 🎮 http://localhost:3000/graphql
2023-02-05 12:45:58 info: =================================
2023-02-05 12:47:15 info: =================================
2023-02-05 12:47:15 info: ======= ENV: development =======
2023-02-05 12:47:15 info: 🚀 App listening on the port 3000
2023-02-05 12:47:15 info: 🎮 http://localhost:3000/graphql
2023-02-05 12:47:15 info: =================================
2023-02-05 12:51:39 info: =================================
2023-02-05 12:51:39 info: ======= ENV: development =======
2023-02-05 12:51:39 info: 🚀 App listening on the port 3000
2023-02-05 12:51:39 info: 🎮 http://localhost:3000/graphql
2023-02-05 12:51:39 info: =================================
2023-02-05 12:55:53 info: =================================
2023-02-05 12:55:53 info: ======= ENV: development =======
2023-02-05 12:55:53 info: 🚀 App listening on the port 3000
2023-02-05 12:55:53 info: 🎮 http://localhost:3000/graphql
2023-02-05 12:55:53 info: =================================
2023-02-05 12:56:02 info: =================================
2023-02-05 12:56:02 info: ======= ENV: development =======
2023-02-05 12:56:02 info: 🚀 App listening on the port 3000
2023-02-05 12:56:02 info: 🎮 http://localhost:3000/graphql
2023-02-05 12:56:02 info: =================================
2023-02-05 12:56:25 info: =================================
2023-02-05 12:56:25 info: ======= ENV: development =======
2023-02-05 12:56:25 info: 🚀 App listening on the port 3000
2023-02-05 12:56:25 info: 🎮 http://localhost:3000/graphql
2023-02-05 12:56:25 info: =================================
2023-02-05 12:56:47 info: =================================
2023-02-05 12:56:47 info: ======= ENV: development =======
2023-02-05 12:56:47 info: 🚀 App listening on the port 3000
2023-02-05 12:56:47 info: 🎮 http://localhost:3000/graphql
2023-02-05 12:56:47 info: =================================
2023-02-05 12:57:21 info: =================================
2023-02-05 12:57:21 info: ======= ENV: development =======
2023-02-05 12:57:21 info: 🚀 App listening on the port 3000
2023-02-05 12:57:21 info: 🎮 http://localhost:3000/graphql
2023-02-05 12:57:21 info: =================================
2023-02-05 12:57:36 info: =================================
2023-02-05 12:57:36 info: ======= ENV: development =======
2023-02-05 12:57:36 info: 🚀 App listening on the port 3000
2023-02-05 12:57:36 info: 🎮 http://localhost:3000/graphql
2023-02-05 12:57:36 info: =================================
2023-02-05 12:57:48 info: =================================
2023-02-05 12:57:48 info: ======= ENV: development =======
2023-02-05 12:57:48 info: 🚀 App listening on the port 3000
2023-02-05 12:57:48 info: 🎮 http://localhost:3000/graphql
2023-02-05 12:57:48 info: =================================
2023-02-05 12:58:06 info: =================================
2023-02-05 12:58:06 info: ======= ENV: development =======
2023-02-05 12:58:06 info: 🚀 App listening on the port 3000
2023-02-05 12:58:06 info: 🎮 http://localhost:3000/graphql
2023-02-05 12:58:06 info: =================================
2023-02-05 12:59:36 info: =================================
2023-02-05 12:59:36 info: ======= ENV: development =======
2023-02-05 12:59:36 info: 🚀 App listening on the port 3000
2023-02-05 12:59:36 info: 🎮 http://localhost:3000/graphql
2023-02-05 12:59:36 info: =================================
2023-02-05 13:01:34 info: =================================
2023-02-05 13:01:34 info: ======= ENV: development =======
2023-02-05 13:01:34 info: 🚀 App listening on the port 3000
2023-02-05 13:01:34 info: 🎮 http://localhost:3000/graphql
2023-02-05 13:01:34 info: =================================
2023-02-05 13:02:14 info: =================================
2023-02-05 13:02:14 info: ======= ENV: development =======
2023-02-05 13:02:14 info: 🚀 App listening on the port 3000
2023-02-05 13:02:14 info: 🎮 http://localhost:3000/graphql
2023-02-05 13:02:14 info: =================================
2023-02-05 13:02:33 info: =================================
2023-02-05 13:02:33 info: ======= ENV: development =======
2023-02-05 13:02:33 info: 🚀 App listening on the port 3000
2023-02-05 13:02:33 info: 🎮 http://localhost:3000/graphql
2023-02-05 13:02:33 info: =================================
2023-02-05 13:08:04 info: =================================
2023-02-05 13:08:04 info: ======= ENV: development =======
2023-02-05 13:08:04 info: 🚀 App listening on the port 3000
2023-02-05 13:08:04 info: 🎮 http://localhost:3000/graphql
2023-02-05 13:08:04 info: =================================
2023-02-05 13:09:13 info: =================================
2023-02-05 13:09:13 info: ======= ENV: development =======
2023-02-05 13:09:13 info: 🚀 App listening on the port 3000
2023-02-05 13:09:13 info: 🎮 http://localhost:3000/graphql
2023-02-05 13:09:13 info: =================================
2023-02-05 13:12:23 info: =================================
2023-02-05 13:12:23 info: ======= ENV: development =======
2023-02-05 13:12:23 info: 🚀 App listening on the port 3000
2023-02-05 13:12:23 info: 🎮 http://localhost:3000/graphql
2023-02-05 13:12:23 info: =================================
2023-02-05 13:12:26 info: =================================
2023-02-05 13:12:26 info: ======= ENV: development =======
2023-02-05 13:12:26 info: 🚀 App listening on the port 3000
2023-02-05 13:12:26 info: 🎮 http://localhost:3000/graphql
2023-02-05 13:12:26 info: =================================
2023-02-05 13:13:39 info: =================================
2023-02-05 13:13:39 info: ======= ENV: development =======
2023-02-05 13:13:39 info: 🚀 App listening on the port 3000
2023-02-05 13:13:39 info: 🎮 http://localhost:3000/graphql
2023-02-05 13:13:39 info: =================================
2023-02-05 13:14:43 info: =================================
2023-02-05 13:14:43 info: ======= ENV: development =======
2023-02-05 13:14:43 info: 🚀 App listening on the port 3000
2023-02-05 13:14:43 info: 🎮 http://localhost:3000/graphql
2023-02-05 13:14:43 info: =================================
2023-02-05 13:14:59 info: =================================
2023-02-05 13:14:59 info: ======= ENV: development =======
2023-02-05 13:14:59 info: 🚀 App listening on the port 3000
2023-02-05 13:14:59 info: 🎮 http://localhost:3000/graphql
2023-02-05 13:14:59 info: =================================
2023-02-05 13:16:41 info: =================================
2023-02-05 13:16:41 info: ======= ENV: development =======
2023-02-05 13:16:41 info: 🚀 App listening on the port 3000
2023-02-05 13:16:41 info: 🎮 http://localhost:3000/graphql
2023-02-05 13:16:41 info: =================================
2023-02-05 13:18:04 info: =================================
2023-02-05 13:18:04 info: ======= ENV: development =======
2023-02-05 13:18:04 info: 🚀 App listening on the port 3000
2023-02-05 13:18:04 info: 🎮 http://localhost:3000/graphql
2023-02-05 13:18:04 info: =================================
2023-02-05 13:18:15 info: =================================
2023-02-05 13:18:15 info: ======= ENV: development =======
2023-02-05 13:18:15 info: 🚀 App listening on the port 3000
2023-02-05 13:18:15 info: 🎮 http://localhost:3000/graphql
2023-02-05 13:18:15 info: =================================
2023-02-05 13:18:59 info: =================================
2023-02-05 13:18:59 info: ======= ENV: development =======
2023-02-05 13:18:59 info: 🚀 App listening on the port 3000
2023-02-05 13:18:59 info: 🎮 http://localhost:3000/graphql
2023-02-05 13:18:59 info: =================================
2023-02-05 13:19:32 info: =================================
2023-02-05 13:19:32 info: ======= ENV: development =======
2023-02-05 13:19:32 info: 🚀 App listening on the port 3000
2023-02-05 13:19:32 info: 🎮 http://localhost:3000/graphql
2023-02-05 13:19:32 info: =================================
2023-02-05 13:21:13 info: =================================
2023-02-05 13:21:13 info: ======= ENV: development =======
2023-02-05 13:21:13 info: 🚀 App listening on the port 3000
2023-02-05 13:21:13 info: 🎮 http://localhost:3000/graphql
2023-02-05 13:21:13 info: =================================
2023-02-05 13:21:38 info: =================================
2023-02-05 13:21:38 info: ======= ENV: development =======
2023-02-05 13:21:38 info: 🚀 App listening on the port 3000
2023-02-05 13:21:38 info: 🎮 http://localhost:3000/graphql
2023-02-05 13:21:38 info: =================================
2023-02-05 13:22:48 info: =================================
2023-02-05 13:22:48 info: ======= ENV: development =======
2023-02-05 13:22:48 info: 🚀 App listening on the port 3000
2023-02-05 13:22:48 info: 🎮 http://localhost:3000/graphql
2023-02-05 13:22:48 info: =================================
2023-02-05 13:22:55 info: =================================
2023-02-05 13:22:55 info: ======= ENV: development =======
2023-02-05 13:22:55 info: 🚀 App listening on the port 3000
2023-02-05 13:22:55 info: 🎮 http://localhost:3000/graphql
2023-02-05 13:22:55 info: =================================
2023-02-05 13:23:13 info: =================================
2023-02-05 13:23:13 info: ======= ENV: development =======
2023-02-05 13:23:13 info: 🚀 App listening on the port 3000
2023-02-05 13:23:13 info: 🎮 http://localhost:3000/graphql
2023-02-05 13:23:13 info: =================================
2023-02-05 13:24:27 info: =================================
2023-02-05 13:24:27 info: ======= ENV: development =======
2023-02-05 13:24:27 info: 🚀 App listening on the port 3000
2023-02-05 13:24:27 info: 🎮 http://localhost:3000/graphql
2023-02-05 13:24:27 info: =================================
2023-02-05 13:25:08 info: =================================
2023-02-05 13:25:08 info: ======= ENV: development =======
2023-02-05 13:25:08 info: 🚀 App listening on the port 3000
2023-02-05 13:25:08 info: 🎮 http://localhost:3000/graphql
2023-02-05 13:25:08 info: =================================
2023-02-05 13:25:32 info: =================================
2023-02-05 13:25:32 info: ======= ENV: development =======
2023-02-05 13:25:32 info: 🚀 App listening on the port 3000
2023-02-05 13:25:32 info: 🎮 http://localhost:3000/graphql
2023-02-05 13:25:32 info: =================================
2023-02-05 13:26:09 info: =================================
2023-02-05 13:26:09 info: ======= ENV: development =======
2023-02-05 13:26:09 info: 🚀 App listening on the port 3000
2023-02-05 13:26:09 info: 🎮 http://localhost:3000/graphql
2023-02-05 13:26:09 info: =================================
2023-02-05 13:26:18 info: =================================
2023-02-05 13:26:18 info: ======= ENV: development =======
2023-02-05 13:26:18 info: 🚀 App listening on the port 3000
2023-02-05 13:26:18 info: 🎮 http://localhost:3000/graphql
2023-02-05 13:26:18 info: =================================
2023-02-05 13:26:54 info: 
    query IntrospectionQuery {
      __schema {
        
        queryType { name }
        mutationType { name }
        subscriptionType { name }
        types {
          ...FullType
        }
        directives {
          name
          description
          
          locations
          args {
            ...InputValue
          }
        }
      }
    }

    fragment FullType on __Type {
      kind
      name
      description
      
      fields(includeDeprecated: true) {
        name
        description
        args {
          ...InputValue
        }
        type {
          ...TypeRef
        }
        isDeprecated
        deprecationReason
      }
      inputFields {
        ...InputValue
      }
      interfaces {
        ...TypeRef
      }
      enumValues(includeDeprecated: true) {
        name
        description
        isDeprecated
        deprecationReason
      }
      possibleTypes {
        ...TypeRef
      }
    }

    fragment InputValue on __InputValue {
      name
      description
      type { ...TypeRef }
      defaultValue
      
      
    }

    fragment TypeRef on __Type {
      kind
      name
      ofType {
        kind
        name
        ofType {
          kind
          name
          ofType {
            kind
            name
            ofType {
              kind
              name
              ofType {
                kind
                name
                ofType {
                  kind
                  name
                  ofType {
                    kind
                    name
                  }
                }
              }
            }
          }
        }
      }
    }
  
2023-02-05 13:27:45 info: =================================
2023-02-05 13:27:45 info: ======= ENV: development =======
2023-02-05 13:27:45 info: 🚀 App listening on the port 3000
2023-02-05 13:27:45 info: 🎮 http://localhost:3000/graphql
2023-02-05 13:27:45 info: =================================
2023-02-05 13:28:42 info: =================================
2023-02-05 13:28:42 info: ======= ENV: development =======
2023-02-05 13:28:42 info: 🚀 App listening on the port 3000
2023-02-05 13:28:42 info: 🎮 http://localhost:3000/graphql
2023-02-05 13:28:42 info: =================================
2023-02-05 13:31:51 info: =================================
2023-02-05 13:31:51 info: ======= ENV: development =======
2023-02-05 13:31:51 info: 🚀 App listening on the port 3000
2023-02-05 13:31:51 info: 🎮 http://localhost:3000/graphql
2023-02-05 13:31:51 info: =================================
2023-02-05 13:36:28 info: =================================
2023-02-05 13:36:28 info: ======= ENV: development =======
2023-02-05 13:36:28 info: 🚀 App listening on the port 3000
2023-02-05 13:36:28 info: 🎮 http://localhost:3000/graphql
2023-02-05 13:36:28 info: =================================
2023-02-05 13:36:32 info: =================================
2023-02-05 13:36:32 info: ======= ENV: development =======
2023-02-05 13:36:32 info: 🚀 App listening on the port 3000
2023-02-05 13:36:32 info: 🎮 http://localhost:3000/graphql
2023-02-05 13:36:32 info: =================================
2023-02-05 13:42:03 info: =================================
2023-02-05 13:42:03 info: ======= ENV: development =======
2023-02-05 13:42:03 info: 🚀 App listening on the port 3000
2023-02-05 13:42:03 info: 🎮 http://localhost:3000/graphql
2023-02-05 13:42:03 info: =================================
2023-02-05 13:43:57 info: =================================
2023-02-05 13:43:57 info: ======= ENV: development =======
2023-02-05 13:43:57 info: 🚀 App listening on the port 3000
2023-02-05 13:43:57 info: 🎮 http://localhost:3000/graphql
2023-02-05 13:43:57 info: =================================
2023-02-05 13:44:52 info: =================================
2023-02-05 13:44:52 info: ======= ENV: development =======
2023-02-05 13:44:52 info: 🚀 App listening on the port 3000
2023-02-05 13:44:52 info: 🎮 http://localhost:3000/graphql
2023-02-05 13:44:52 info: =================================
2023-02-05 13:45:02 info: =================================
2023-02-05 13:45:02 info: ======= ENV: development =======
2023-02-05 13:45:02 info: 🚀 App listening on the port 3000
2023-02-05 13:45:02 info: 🎮 http://localhost:3000/graphql
2023-02-05 13:45:02 info: =================================
2023-02-05 13:45:26 info: =================================
2023-02-05 13:45:26 info: ======= ENV: development =======
2023-02-05 13:45:26 info: 🚀 App listening on the port 3000
2023-02-05 13:45:26 info: 🎮 http://localhost:3000/graphql
2023-02-05 13:45:26 info: =================================
2023-02-05 13:45:59 info: =================================
2023-02-05 13:45:59 info: ======= ENV: development =======
2023-02-05 13:45:59 info: 🚀 App listening on the port 3000
2023-02-05 13:45:59 info: 🎮 http://localhost:3000/graphql
2023-02-05 13:45:59 info: =================================
2023-02-05 13:46:17 info: =================================
2023-02-05 13:46:17 info: ======= ENV: development =======
2023-02-05 13:46:17 info: 🚀 App listening on the port 3000
2023-02-05 13:46:17 info: 🎮 http://localhost:3000/graphql
2023-02-05 13:46:17 info: =================================
2023-02-05 13:46:35 info: =================================
2023-02-05 13:46:35 info: ======= ENV: development =======
2023-02-05 13:46:35 info: 🚀 App listening on the port 3000
2023-02-05 13:46:35 info: 🎮 http://localhost:3000/graphql
2023-02-05 13:46:35 info: =================================
2023-02-05 13:53:23 info: =================================
2023-02-05 13:53:23 info: ======= ENV: development =======
2023-02-05 13:53:23 info: 🚀 App listening on the port 3000
2023-02-05 13:53:23 info: 🎮 http://localhost:3000/graphql
2023-02-05 13:53:23 info: =================================
2023-02-05 13:54:36 info: =================================
2023-02-05 13:54:36 info: ======= ENV: development =======
2023-02-05 13:54:36 info: 🚀 App listening on the port 3000
2023-02-05 13:54:36 info: 🎮 http://localhost:3000/graphql
2023-02-05 13:54:36 info: =================================
2023-02-05 13:54:54 info: =================================
2023-02-05 13:54:54 info: ======= ENV: development =======
2023-02-05 13:54:54 info: 🚀 App listening on the port 3000
2023-02-05 13:54:54 info: 🎮 http://localhost:3000/graphql
2023-02-05 13:54:54 info: =================================
2023-02-05 14:10:08 info: =================================
2023-02-05 14:10:08 info: ======= ENV: development =======
2023-02-05 14:10:08 info: 🚀 App listening on the port 3000
2023-02-05 14:10:08 info: 🎮 http://localhost:3000/graphql
2023-02-05 14:10:08 info: =================================
2023-02-05 14:13:03 info: =================================
2023-02-05 14:13:03 info: ======= ENV: development =======
2023-02-05 14:13:03 info: 🚀 App listening on the port 3000
2023-02-05 14:13:03 info: 🎮 http://localhost:3000/graphql
2023-02-05 14:13:03 info: =================================
2023-02-05 14:13:53 info: =================================
2023-02-05 14:13:53 info: ======= ENV: development =======
2023-02-05 14:13:53 info: 🚀 App listening on the port 3000
2023-02-05 14:13:53 info: 🎮 http://localhost:3000/graphql
2023-02-05 14:13:53 info: =================================
2023-02-05 14:22:47 info: =================================
2023-02-05 14:22:47 info: ======= ENV: development =======
2023-02-05 14:22:47 info: 🚀 App listening on the port 3000
2023-02-05 14:22:47 info: 🎮 http://localhost:3000/graphql
2023-02-05 14:22:47 info: =================================
2023-02-05 14:23:37 info: =================================
2023-02-05 14:23:37 info: ======= ENV: development =======
2023-02-05 14:23:37 info: 🚀 App listening on the port 3000
2023-02-05 14:23:37 info: 🎮 http://localhost:3000/graphql
2023-02-05 14:23:37 info: =================================
2023-02-05 14:24:03 info: =================================
2023-02-05 14:24:03 info: ======= ENV: development =======
2023-02-05 14:24:03 info: 🚀 App listening on the port 3000
2023-02-05 14:24:03 info: 🎮 http://localhost:3000/graphql
2023-02-05 14:24:03 info: =================================
2023-02-05 14:24:49 info: =================================
2023-02-05 14:24:49 info: ======= ENV: development =======
2023-02-05 14:24:49 info: 🚀 App listening on the port 3000
2023-02-05 14:24:49 info: 🎮 http://localhost:3000/graphql
2023-02-05 14:24:49 info: =================================
2023-02-05 14:26:49 info: =================================
2023-02-05 14:26:49 info: ======= ENV: development =======
2023-02-05 14:26:49 info: 🚀 App listening on the port 3000
2023-02-05 14:26:49 info: 🎮 http://localhost:3000/graphql
2023-02-05 14:26:49 info: =================================
2023-02-05 14:29:40 info: =================================
2023-02-05 14:29:40 info: ======= ENV: development =======
2023-02-05 14:29:40 info: 🚀 App listening on the port 3000
2023-02-05 14:29:40 info: 🎮 http://localhost:3000/graphql
2023-02-05 14:29:40 info: =================================
2023-02-05 14:29:48 info: =================================
2023-02-05 14:29:48 info: ======= ENV: development =======
2023-02-05 14:29:48 info: 🚀 App listening on the port 3000
2023-02-05 14:29:48 info: 🎮 http://localhost:3000/graphql
2023-02-05 14:29:48 info: =================================
2023-02-05 14:30:49 info: =================================
2023-02-05 14:30:49 info: ======= ENV: development =======
2023-02-05 14:30:49 info: 🚀 App listening on the port 3000
2023-02-05 14:30:49 info: 🎮 http://localhost:3000/graphql
2023-02-05 14:30:49 info: =================================
2023-02-05 14:31:01 info: =================================
2023-02-05 14:31:01 info: ======= ENV: development =======
2023-02-05 14:31:01 info: 🚀 App listening on the port 3000
2023-02-05 14:31:01 info: 🎮 http://localhost:3000/graphql
2023-02-05 14:31:01 info: =================================
2023-02-05 14:32:40 info: =================================
2023-02-05 14:32:40 info: ======= ENV: development =======
2023-02-05 14:32:40 info: 🚀 App listening on the port 3000
2023-02-05 14:32:40 info: 🎮 http://localhost:3000/graphql
2023-02-05 14:32:40 info: =================================
2023-02-05 14:33:15 info: =================================
2023-02-05 14:33:15 info: ======= ENV: development =======
2023-02-05 14:33:15 info: 🚀 App listening on the port 3000
2023-02-05 14:33:15 info: 🎮 http://localhost:3000/graphql
2023-02-05 14:33:15 info: =================================
2023-02-05 14:34:06 info: =================================
2023-02-05 14:34:06 info: ======= ENV: development =======
2023-02-05 14:34:06 info: 🚀 App listening on the port 3000
2023-02-05 14:34:06 info: 🎮 http://localhost:3000/graphql
2023-02-05 14:34:06 info: =================================
2023-02-05 14:34:24 info: =================================
2023-02-05 14:34:24 info: ======= ENV: development =======
2023-02-05 14:34:24 info: 🚀 App listening on the port 3000
2023-02-05 14:34:24 info: 🎮 http://localhost:3000/graphql
2023-02-05 14:34:24 info: =================================
2023-02-05 14:35:33 info: =================================
2023-02-05 14:35:33 info: ======= ENV: development =======
2023-02-05 14:35:33 info: 🚀 App listening on the port 3000
2023-02-05 14:35:33 info: 🎮 http://localhost:3000/graphql
2023-02-05 14:35:33 info: =================================
2023-02-05 14:38:44 info: =================================
2023-02-05 14:38:44 info: ======= ENV: development =======
2023-02-05 14:38:44 info: 🚀 App listening on the port 3000
2023-02-05 14:38:44 info: 🎮 http://localhost:3000/graphql
2023-02-05 14:38:44 info: =================================
2023-02-05 14:39:35 info: =================================
2023-02-05 14:39:35 info: ======= ENV: development =======
2023-02-05 14:39:35 info: 🚀 App listening on the port 3000
2023-02-05 14:39:35 info: 🎮 http://localhost:3000/graphql
2023-02-05 14:39:35 info: =================================
2023-02-05 14:41:12 info: =================================
2023-02-05 14:41:12 info: ======= ENV: development =======
2023-02-05 14:41:12 info: 🚀 App listening on the port 3000
2023-02-05 14:41:12 info: 🎮 http://localhost:3000/graphql
2023-02-05 14:41:12 info: =================================
2023-02-05 14:41:33 info: =================================
2023-02-05 14:41:33 info: ======= ENV: development =======
2023-02-05 14:41:33 info: 🚀 App listening on the port 3000
2023-02-05 14:41:33 info: 🎮 http://localhost:3000/graphql
2023-02-05 14:41:33 info: =================================
2023-02-05 14:41:57 info: =================================
2023-02-05 14:41:57 info: ======= ENV: development =======
2023-02-05 14:41:57 info: 🚀 App listening on the port 3000
2023-02-05 14:41:57 info: 🎮 http://localhost:3000/graphql
2023-02-05 14:41:57 info: =================================
2023-02-05 14:42:50 info: =================================
2023-02-05 14:42:50 info: ======= ENV: development =======
2023-02-05 14:42:50 info: 🚀 App listening on the port 3000
2023-02-05 14:42:50 info: 🎮 http://localhost:3000/graphql
2023-02-05 14:42:50 info: =================================
2023-02-05 14:43:03 info: =================================
2023-02-05 14:43:03 info: ======= ENV: development =======
2023-02-05 14:43:03 info: 🚀 App listening on the port 3000
2023-02-05 14:43:03 info: 🎮 http://localhost:3000/graphql
2023-02-05 14:43:03 info: =================================
2023-02-05 14:43:32 info: =================================
2023-02-05 14:43:32 info: ======= ENV: development =======
2023-02-05 14:43:32 info: 🚀 App listening on the port 3000
2023-02-05 14:43:32 info: 🎮 http://localhost:3000/graphql
2023-02-05 14:43:32 info: =================================
2023-02-05 23:50:52 info: =================================
2023-02-05 23:50:52 info: ======= ENV: development =======
2023-02-05 23:50:52 info: 🚀 App listening on the port 3000
2023-02-05 23:50:52 info: 🎮 http://localhost:3000/graphql
2023-02-05 23:50:52 info: =================================
2023-02-05 23:57:59 info: =================================
2023-02-05 23:57:59 info: ======= ENV: development =======
2023-02-05 23:57:59 info: 🚀 App listening on the port 3000
2023-02-05 23:57:59 info: 🎮 http://localhost:3000/graphql
2023-02-05 23:57:59 info: =================================
2023-02-05 23:59:16 info: =================================
2023-02-05 23:59:16 info: ======= ENV: development =======
2023-02-05 23:59:16 info: 🚀 App listening on the port 3000
2023-02-05 23:59:16 info: 🎮 http://localhost:3000/graphql
2023-02-05 23:59:16 info: =================================
