2023-03-01 12:20:51 error: uncaughtException: ENOENT: no such file or directory, open '/Users/mac/Documents/www/K8sPipeline/App/temp_archive/Roboto.zip'
Error: ENOENT: no such file or directory, open '/Users/mac/Documents/www/K8sPipeline/App/temp_archive/Roboto.zip'
2023-03-01 16:01:21 error: uncaughtException: ENOENT: no such file or directory, open '/Users/mac/Documents/www/K8sPipeline/App/build_logs/59ca9621-d6d3-450e-af28-70c9a706f346.log'
Error: ENOENT: no such file or directory, open '/Users/mac/Documents/www/K8sPipeline/App/build_logs/59ca9621-d6d3-450e-af28-70c9a706f346.log'
2023-03-01 16:04:20 error: uncaughtException: ENOENT: no such file or directory, open '/Users/mac/Documents/www/K8sPipeline/App/build_logs/09ceac65-ed81-44d1-9882-3d6a9c862281.log'
Error: ENOENT: no such file or directory, open '/Users/mac/Documents/www/K8sPipeline/App/build_logs/09ceac65-ed81-44d1-9882-3d6a9c862281.log'
2023-03-01 16:13:14 error: uncaughtException: ENOENT: no such file or directory, open '/Users/mac/Documents/www/K8sPipeline/App/build_logs/658a8a6a-6f31-4a52-b96c-12861b949b87.log'
Error: ENOENT: no such file or directory, open '/Users/mac/Documents/www/K8sPipeline/App/build_logs/658a8a6a-6f31-4a52-b96c-12861b949b87.log'
2023-03-01 16:19:00 error: uncaughtException: ENOENT: no such file or directory, open '/Users/mac/Documents/www/K8sPipeline/App/build_logs/2ade31c8-2a67-4206-b712-24ed1dffb702.log'
Error: ENOENT: no such file or directory, open '/Users/mac/Documents/www/K8sPipeline/App/build_logs/2ade31c8-2a67-4206-b712-24ed1dffb702.log'
2023-03-01 16:21:04 error: uncaughtException: EPERM: operation not permitted, unlink '/Users/mac/Documents/www/K8sPipeline/App/services-build-templates/walletservice/setup-arena/walletservice/templates/docker/app'
Error: EPERM: operation not permitted, unlink '/Users/mac/Documents/www/K8sPipeline/App/services-build-templates/walletservice/setup-arena/walletservice/templates/docker/app'
2023-03-01 16:21:47 error: uncaughtException: ENOENT: no such file or directory, open '/Users/mac/Documents/www/K8sPipeline/App/build_logs/82273307-df0c-4ea7-a80f-e3fed1f2d389.log'
Error: ENOENT: no such file or directory, open '/Users/mac/Documents/www/K8sPipeline/App/build_logs/82273307-df0c-4ea7-a80f-e3fed1f2d389.log'
2023-03-01 16:26:30 error: uncaughtException: ENOENT: no such file or directory, open '/Users/mac/Documents/www/K8sPipeline/App/build_logs/de32beee-992f-4b3f-ae5b-1d7684b97f2c.log'
Error: ENOENT: no such file or directory, open '/Users/mac/Documents/www/K8sPipeline/App/build_logs/de32beee-992f-4b3f-ae5b-1d7684b97f2c.log'
2023-03-01 16:26:48 error: uncaughtException: ENOENT: no such file or directory, open '/Users/mac/Documents/www/K8sPipeline/App/build_logs/546361de-4893-4e3b-927d-a5034d3efbbe.log'
Error: ENOENT: no such file or directory, open '/Users/mac/Documents/www/K8sPipeline/App/build_logs/546361de-4893-4e3b-927d-a5034d3efbbe.log'
2023-03-01 16:27:29 error: uncaughtException: ENOENT: no such file or directory, open '/Users/mac/Documents/www/K8sPipeline/App/build_logs/653d3b31-f1ce-449c-9122-cd7d57b50894.log'
Error: ENOENT: no such file or directory, open '/Users/mac/Documents/www/K8sPipeline/App/build_logs/653d3b31-f1ce-449c-9122-cd7d57b50894.log'
2023-03-01 16:30:30 error: uncaughtException: ENOENT: no such file or directory, open '/Users/mac/Documents/www/K8sPipeline/App/build_logs/70f04b02-a922-4931-9d2c-63f03fedcdc7.log'
Error: ENOENT: no such file or directory, open '/Users/mac/Documents/www/K8sPipeline/App/build_logs/70f04b02-a922-4931-9d2c-63f03fedcdc7.log'
2023-03-01 16:31:29 error: uncaughtException: ENOENT: no such file or directory, open '/Users/mac/Documents/www/K8sPipeline/App/build_logs/7c148fce-e1e1-4764-8e72-b49d97573c7f.log'
Error: ENOENT: no such file or directory, open '/Users/mac/Documents/www/K8sPipeline/App/build_logs/7c148fce-e1e1-4764-8e72-b49d97573c7f.log'
2023-03-01 17:56:33 error: uncaughtException: ENOENT: no such file or directory, open '/Users/mac/Documents/www/K8sPipeline/App/build_logs/72f902c7-27bd-4246-ae51-6b17965f33de.log'
Error: ENOENT: no such file or directory, open '/Users/mac/Documents/www/K8sPipeline/App/build_logs/72f902c7-27bd-4246-ae51-6b17965f33de.log'
2023-03-01 17:59:07 error: uncaughtException: ENOENT: no such file or directory, open '/Users/mac/Documents/www/K8sPipeline/App/build_logs/d31bff30-71a7-4a31-8b30-39efdf2bec4b.log'
Error: ENOENT: no such file or directory, open '/Users/mac/Documents/www/K8sPipeline/App/build_logs/d31bff30-71a7-4a31-8b30-39efdf2bec4b.log'
2023-03-01 18:01:21 error: uncaughtException: ENOENT: no such file or directory, open '/Users/mac/Documents/www/K8sPipeline/App/build_logs/7ce35f83-cd2b-44cc-8f7f-4b6b37eefb9e.log'
Error: ENOENT: no such file or directory, open '/Users/mac/Documents/www/K8sPipeline/App/build_logs/7ce35f83-cd2b-44cc-8f7f-4b6b37eefb9e.log'
2023-03-01 21:09:53 error: uncaughtException: ENOENT: no such file or directory, open '/Users/mac/Documents/www/K8sPipeline/App/build_logs/c628d3c4-2cf1-424c-a24a-54c0b89a4114.log'
Error: ENOENT: no such file or directory, open '/Users/mac/Documents/www/K8sPipeline/App/build_logs/c628d3c4-2cf1-424c-a24a-54c0b89a4114.log'
2023-03-01 21:13:14 error: uncaughtException: ENOENT: no such file or directory, open '/Users/mac/Documents/www/K8sPipeline/App/build_logs/3b41f6a0-4f72-4031-b5b3-7358edf371b4.log'
Error: ENOENT: no such file or directory, open '/Users/mac/Documents/www/K8sPipeline/App/build_logs/3b41f6a0-4f72-4031-b5b3-7358edf371b4.log'
2023-03-01 21:15:41 error: uncaughtException: ENOENT: no such file or directory, open '/Users/mac/Documents/www/K8sPipeline/App/build_logs/9e4f8e2d-ee9a-466b-ba44-abcba9b72b32.log'
Error: ENOENT: no such file or directory, open '/Users/mac/Documents/www/K8sPipeline/App/build_logs/9e4f8e2d-ee9a-466b-ba44-abcba9b72b32.log'
