2023-02-05 13:01:05 error: uncaughtException: await is only valid in async functions and the top level bodies of modules
/Users/mac/Documents/www/K8sPipeline/PipelineBackend/src/repositories/pipeline.repository.ts:152
                    await extractVariableFromAllFiles();
                    ^^^^^

SyntaxError: await is only valid in async functions and the top level bodies of modules
    at Object.compileFunction (node:vm:360:18)
    at wrapSafe (node:internal/modules/cjs/loader:1088:15)
    at Module._compile (node:internal/modules/cjs/loader:1123:27)
    at Module.m._compile (/Users/mac/Documents/www/K8sPipeline/PipelineBackend/node_modules/ts-node/src/index.ts:1618:23)
    at Module._extensions..js (node:internal/modules/cjs/loader:1213:10)
    at Object.require.extensions.<computed> [as .ts] (/Users/mac/Documents/www/K8sPipeline/PipelineBackend/node_modules/ts-node/src/index.ts:1621:12)
    at Module.load (node:internal/modules/cjs/loader:1037:32)
    at Function.Module._load (node:internal/modules/cjs/loader:878:12)
    at Module.require (node:internal/modules/cjs/loader:1061:19)
    at require (node:internal/modules/cjs/helpers:103:18)
2023-02-05 13:01:42 error: uncaughtException: Cannot read properties of null (reading 'toString')
TypeError: Cannot read properties of null (reading 'toString')
    at /Users/mac/Documents/www/K8sPipeline/PipelineBackend/src/repositories/pipeline.repository.ts:144:47
    at FSReqCallback.readFileAfterClose [as oncomplete] (node:internal/fs/read_file_context:68:3)
2023-02-05 13:01:42 error: uncaughtException: Cannot read properties of null (reading 'toString')
TypeError: Cannot read properties of null (reading 'toString')
    at /Users/mac/Documents/www/K8sPipeline/PipelineBackend/src/repositories/pipeline.repository.ts:144:47
    at FSReqCallback.readFileAfterClose [as oncomplete] (node:internal/fs/read_file_context:68:3)
2023-02-05 13:01:42 error: uncaughtException: Cannot read properties of null (reading 'toString')
TypeError: Cannot read properties of null (reading 'toString')
    at /Users/mac/Documents/www/K8sPipeline/PipelineBackend/src/repositories/pipeline.repository.ts:144:47
    at FSReqCallback.readFileAfterClose [as oncomplete] (node:internal/fs/read_file_context:68:3)
2023-02-05 13:01:42 error: uncaughtException: Cannot read properties of null (reading 'toString')
TypeError: Cannot read properties of null (reading 'toString')
    at /Users/mac/Documents/www/K8sPipeline/PipelineBackend/src/repositories/pipeline.repository.ts:144:47
    at FSReqCallback.readFileAfterClose [as oncomplete] (node:internal/fs/read_file_context:68:3)
2023-02-05 13:01:42 error: uncaughtException: Cannot read properties of null (reading 'toString')
TypeError: Cannot read properties of null (reading 'toString')
    at /Users/mac/Documents/www/K8sPipeline/PipelineBackend/src/repositories/pipeline.repository.ts:144:47
    at FSReqCallback.readFileAfterClose [as oncomplete] (node:internal/fs/read_file_context:68:3)
2023-02-05 13:01:42 error: uncaughtException: Cannot read properties of null (reading 'toString')
TypeError: Cannot read properties of null (reading 'toString')
    at /Users/mac/Documents/www/K8sPipeline/PipelineBackend/src/repositories/pipeline.repository.ts:144:47
    at FSReqCallback.readFileAfterClose [as oncomplete] (node:internal/fs/read_file_context:68:3)
2023-02-05 13:01:42 error: uncaughtException: Cannot read properties of null (reading 'toString')
TypeError: Cannot read properties of null (reading 'toString')
    at /Users/mac/Documents/www/K8sPipeline/PipelineBackend/src/repositories/pipeline.repository.ts:144:47
    at FSReqCallback.readFileAfterClose [as oncomplete] (node:internal/fs/read_file_context:68:3)
2023-02-05 13:01:42 error: uncaughtException: Cannot read properties of null (reading 'toString')
TypeError: Cannot read properties of null (reading 'toString')
    at /Users/mac/Documents/www/K8sPipeline/PipelineBackend/src/repositories/pipeline.repository.ts:144:47
    at FSReqCallback.readFileAfterClose [as oncomplete] (node:internal/fs/read_file_context:68:3)
2023-02-05 13:02:40 error: uncaughtException: Cannot read properties of null (reading 'toString')
TypeError: Cannot read properties of null (reading 'toString')
    at /Users/mac/Documents/www/K8sPipeline/PipelineBackend/src/repositories/pipeline.repository.ts:147:45
    at FSReqCallback.readFileAfterClose [as oncomplete] (node:internal/fs/read_file_context:68:3)
2023-02-05 13:02:40 error: uncaughtException: Cannot read properties of null (reading 'toString')
TypeError: Cannot read properties of null (reading 'toString')
    at /Users/mac/Documents/www/K8sPipeline/PipelineBackend/src/repositories/pipeline.repository.ts:147:45
    at FSReqCallback.readFileAfterClose [as oncomplete] (node:internal/fs/read_file_context:68:3)
2023-02-05 13:02:40 error: uncaughtException: Cannot read properties of null (reading 'toString')
TypeError: Cannot read properties of null (reading 'toString')
    at /Users/mac/Documents/www/K8sPipeline/PipelineBackend/src/repositories/pipeline.repository.ts:147:45
    at FSReqCallback.readFileAfterClose [as oncomplete] (node:internal/fs/read_file_context:68:3)
2023-02-05 13:02:40 error: uncaughtException: Cannot read properties of null (reading 'toString')
TypeError: Cannot read properties of null (reading 'toString')
    at /Users/mac/Documents/www/K8sPipeline/PipelineBackend/src/repositories/pipeline.repository.ts:147:45
    at FSReqCallback.readFileAfterClose [as oncomplete] (node:internal/fs/read_file_context:68:3)
2023-02-05 13:02:40 error: uncaughtException: Cannot read properties of null (reading 'toString')
TypeError: Cannot read properties of null (reading 'toString')
    at /Users/mac/Documents/www/K8sPipeline/PipelineBackend/src/repositories/pipeline.repository.ts:147:45
    at FSReqCallback.readFileAfterClose [as oncomplete] (node:internal/fs/read_file_context:68:3)
2023-02-05 13:02:40 error: uncaughtException: Cannot read properties of null (reading 'toString')
TypeError: Cannot read properties of null (reading 'toString')
    at /Users/mac/Documents/www/K8sPipeline/PipelineBackend/src/repositories/pipeline.repository.ts:147:45
    at FSReqCallback.readFileAfterClose [as oncomplete] (node:internal/fs/read_file_context:68:3)
2023-02-05 13:02:40 error: uncaughtException: Cannot read properties of null (reading 'toString')
TypeError: Cannot read properties of null (reading 'toString')
    at /Users/mac/Documents/www/K8sPipeline/PipelineBackend/src/repositories/pipeline.repository.ts:147:45
    at FSReqCallback.readFileAfterClose [as oncomplete] (node:internal/fs/read_file_context:68:3)
2023-02-05 13:02:40 error: uncaughtException: Cannot read properties of null (reading 'toString')
TypeError: Cannot read properties of null (reading 'toString')
    at /Users/mac/Documents/www/K8sPipeline/PipelineBackend/src/repositories/pipeline.repository.ts:147:45
    at FSReqCallback.readFileAfterClose [as oncomplete] (node:internal/fs/read_file_context:68:3)
2023-02-05 13:09:19 error: uncaughtException: Cannot read properties of null (reading 'toString')
TypeError: Cannot read properties of null (reading 'toString')
    at /Users/mac/Documents/www/K8sPipeline/PipelineBackend/src/repositories/pipeline.repository.ts:148:45
    at FSReqCallback.readFileAfterClose [as oncomplete] (node:internal/fs/read_file_context:68:3)
2023-02-05 13:09:19 error: uncaughtException: Cannot read properties of null (reading 'toString')
TypeError: Cannot read properties of null (reading 'toString')
    at /Users/mac/Documents/www/K8sPipeline/PipelineBackend/src/repositories/pipeline.repository.ts:148:45
    at FSReqCallback.readFileAfterClose [as oncomplete] (node:internal/fs/read_file_context:68:3)
2023-02-05 13:09:19 error: uncaughtException: Cannot read properties of null (reading 'toString')
TypeError: Cannot read properties of null (reading 'toString')
    at /Users/mac/Documents/www/K8sPipeline/PipelineBackend/src/repositories/pipeline.repository.ts:148:45
    at FSReqCallback.readFileAfterClose [as oncomplete] (node:internal/fs/read_file_context:68:3)
2023-02-05 13:09:19 error: uncaughtException: Cannot read properties of null (reading 'toString')
TypeError: Cannot read properties of null (reading 'toString')
    at /Users/mac/Documents/www/K8sPipeline/PipelineBackend/src/repositories/pipeline.repository.ts:148:45
    at FSReqCallback.readFileAfterClose [as oncomplete] (node:internal/fs/read_file_context:68:3)
2023-02-05 13:09:19 error: uncaughtException: Cannot read properties of null (reading 'toString')
TypeError: Cannot read properties of null (reading 'toString')
    at /Users/mac/Documents/www/K8sPipeline/PipelineBackend/src/repositories/pipeline.repository.ts:148:45
    at FSReqCallback.readFileAfterClose [as oncomplete] (node:internal/fs/read_file_context:68:3)
2023-02-05 13:09:19 error: uncaughtException: Cannot read properties of null (reading 'toString')
TypeError: Cannot read properties of null (reading 'toString')
    at /Users/mac/Documents/www/K8sPipeline/PipelineBackend/src/repositories/pipeline.repository.ts:148:45
    at FSReqCallback.readFileAfterClose [as oncomplete] (node:internal/fs/read_file_context:68:3)
2023-02-05 13:09:19 error: uncaughtException: Cannot read properties of null (reading 'toString')
TypeError: Cannot read properties of null (reading 'toString')
    at /Users/mac/Documents/www/K8sPipeline/PipelineBackend/src/repositories/pipeline.repository.ts:148:45
    at FSReqCallback.readFileAfterClose [as oncomplete] (node:internal/fs/read_file_context:68:3)
2023-02-05 13:09:19 error: uncaughtException: Cannot read properties of null (reading 'toString')
TypeError: Cannot read properties of null (reading 'toString')
    at /Users/mac/Documents/www/K8sPipeline/PipelineBackend/src/repositories/pipeline.repository.ts:148:45
    at FSReqCallback.readFileAfterClose [as oncomplete] (node:internal/fs/read_file_context:68:3)
2023-02-05 13:12:29 error: uncaughtException: Cannot read properties of null (reading 'toString')
TypeError: Cannot read properties of null (reading 'toString')
    at /Users/mac/Documents/www/K8sPipeline/PipelineBackend/src/repositories/pipeline.repository.ts:148:45
    at FSReqCallback.readFileAfterClose [as oncomplete] (node:internal/fs/read_file_context:68:3)
2023-02-05 13:12:29 error: uncaughtException: Cannot read properties of null (reading 'toString')
TypeError: Cannot read properties of null (reading 'toString')
    at /Users/mac/Documents/www/K8sPipeline/PipelineBackend/src/repositories/pipeline.repository.ts:148:45
    at FSReqCallback.readFileAfterClose [as oncomplete] (node:internal/fs/read_file_context:68:3)
2023-02-05 13:12:29 error: uncaughtException: Cannot read properties of null (reading 'toString')
TypeError: Cannot read properties of null (reading 'toString')
    at /Users/mac/Documents/www/K8sPipeline/PipelineBackend/src/repositories/pipeline.repository.ts:148:45
    at FSReqCallback.readFileAfterClose [as oncomplete] (node:internal/fs/read_file_context:68:3)
2023-02-05 13:12:29 error: uncaughtException: Cannot read properties of null (reading 'toString')
TypeError: Cannot read properties of null (reading 'toString')
    at /Users/mac/Documents/www/K8sPipeline/PipelineBackend/src/repositories/pipeline.repository.ts:148:45
    at FSReqCallback.readFileAfterClose [as oncomplete] (node:internal/fs/read_file_context:68:3)
2023-02-05 13:12:29 error: uncaughtException: Cannot read properties of null (reading 'toString')
TypeError: Cannot read properties of null (reading 'toString')
    at /Users/mac/Documents/www/K8sPipeline/PipelineBackend/src/repositories/pipeline.repository.ts:148:45
    at FSReqCallback.readFileAfterClose [as oncomplete] (node:internal/fs/read_file_context:68:3)
2023-02-05 13:12:29 error: uncaughtException: Cannot read properties of null (reading 'toString')
TypeError: Cannot read properties of null (reading 'toString')
    at /Users/mac/Documents/www/K8sPipeline/PipelineBackend/src/repositories/pipeline.repository.ts:148:45
    at FSReqCallback.readFileAfterClose [as oncomplete] (node:internal/fs/read_file_context:68:3)
2023-02-05 13:12:29 error: uncaughtException: Cannot read properties of null (reading 'toString')
TypeError: Cannot read properties of null (reading 'toString')
    at /Users/mac/Documents/www/K8sPipeline/PipelineBackend/src/repositories/pipeline.repository.ts:148:45
    at FSReqCallback.readFileAfterClose [as oncomplete] (node:internal/fs/read_file_context:68:3)
2023-02-05 13:12:29 error: uncaughtException: Cannot read properties of null (reading 'toString')
TypeError: Cannot read properties of null (reading 'toString')
    at /Users/mac/Documents/www/K8sPipeline/PipelineBackend/src/repositories/pipeline.repository.ts:148:45
    at FSReqCallback.readFileAfterClose [as oncomplete] (node:internal/fs/read_file_context:68:3)
2023-02-05 13:13:43 error: uncaughtException: Cannot read properties of null (reading 'toString')
TypeError: Cannot read properties of null (reading 'toString')
    at /Users/mac/Documents/www/K8sPipeline/PipelineBackend/src/repositories/pipeline.repository.ts:148:47
    at FSReqCallback.readFileAfterClose [as oncomplete] (node:internal/fs/read_file_context:68:3)
2023-02-05 13:13:43 error: uncaughtException: Cannot read properties of null (reading 'toString')
TypeError: Cannot read properties of null (reading 'toString')
    at /Users/mac/Documents/www/K8sPipeline/PipelineBackend/src/repositories/pipeline.repository.ts:148:47
    at FSReqCallback.readFileAfterClose [as oncomplete] (node:internal/fs/read_file_context:68:3)
2023-02-05 13:13:43 error: uncaughtException: Cannot read properties of null (reading 'toString')
TypeError: Cannot read properties of null (reading 'toString')
    at /Users/mac/Documents/www/K8sPipeline/PipelineBackend/src/repositories/pipeline.repository.ts:148:47
    at FSReqCallback.readFileAfterClose [as oncomplete] (node:internal/fs/read_file_context:68:3)
2023-02-05 13:13:43 error: uncaughtException: Cannot read properties of null (reading 'toString')
TypeError: Cannot read properties of null (reading 'toString')
    at /Users/mac/Documents/www/K8sPipeline/PipelineBackend/src/repositories/pipeline.repository.ts:148:47
    at FSReqCallback.readFileAfterClose [as oncomplete] (node:internal/fs/read_file_context:68:3)
2023-02-05 13:13:43 error: uncaughtException: Cannot read properties of null (reading 'toString')
TypeError: Cannot read properties of null (reading 'toString')
    at /Users/mac/Documents/www/K8sPipeline/PipelineBackend/src/repositories/pipeline.repository.ts:148:47
    at FSReqCallback.readFileAfterClose [as oncomplete] (node:internal/fs/read_file_context:68:3)
2023-02-05 13:13:43 error: uncaughtException: Cannot read properties of null (reading 'toString')
TypeError: Cannot read properties of null (reading 'toString')
    at /Users/mac/Documents/www/K8sPipeline/PipelineBackend/src/repositories/pipeline.repository.ts:148:47
    at FSReqCallback.readFileAfterClose [as oncomplete] (node:internal/fs/read_file_context:68:3)
2023-02-05 13:13:43 error: uncaughtException: Cannot read properties of null (reading 'toString')
TypeError: Cannot read properties of null (reading 'toString')
    at /Users/mac/Documents/www/K8sPipeline/PipelineBackend/src/repositories/pipeline.repository.ts:148:47
    at FSReqCallback.readFileAfterClose [as oncomplete] (node:internal/fs/read_file_context:68:3)
2023-02-05 13:13:43 error: uncaughtException: Cannot read properties of null (reading 'toString')
TypeError: Cannot read properties of null (reading 'toString')
    at /Users/mac/Documents/www/K8sPipeline/PipelineBackend/src/repositories/pipeline.repository.ts:148:47
    at FSReqCallback.readFileAfterClose [as oncomplete] (node:internal/fs/read_file_context:68:3)
2023-02-05 13:14:46 error: uncaughtException: Cannot read properties of null (reading 'toString')
TypeError: Cannot read properties of null (reading 'toString')
    at /Users/mac/Documents/www/K8sPipeline/PipelineBackend/src/repositories/pipeline.repository.ts:148:47
    at FSReqCallback.readFileAfterClose [as oncomplete] (node:internal/fs/read_file_context:68:3)
2023-02-05 13:14:46 error: uncaughtException: Cannot read properties of null (reading 'toString')
TypeError: Cannot read properties of null (reading 'toString')
    at /Users/mac/Documents/www/K8sPipeline/PipelineBackend/src/repositories/pipeline.repository.ts:148:47
    at FSReqCallback.readFileAfterClose [as oncomplete] (node:internal/fs/read_file_context:68:3)
2023-02-05 13:14:46 error: uncaughtException: Cannot read properties of null (reading 'toString')
TypeError: Cannot read properties of null (reading 'toString')
    at /Users/mac/Documents/www/K8sPipeline/PipelineBackend/src/repositories/pipeline.repository.ts:148:47
    at FSReqCallback.readFileAfterClose [as oncomplete] (node:internal/fs/read_file_context:68:3)
2023-02-05 13:14:46 error: uncaughtException: Cannot read properties of null (reading 'toString')
TypeError: Cannot read properties of null (reading 'toString')
    at /Users/mac/Documents/www/K8sPipeline/PipelineBackend/src/repositories/pipeline.repository.ts:148:47
    at FSReqCallback.readFileAfterClose [as oncomplete] (node:internal/fs/read_file_context:68:3)
2023-02-05 13:14:46 error: uncaughtException: Cannot read properties of null (reading 'toString')
TypeError: Cannot read properties of null (reading 'toString')
    at /Users/mac/Documents/www/K8sPipeline/PipelineBackend/src/repositories/pipeline.repository.ts:148:47
    at FSReqCallback.readFileAfterClose [as oncomplete] (node:internal/fs/read_file_context:68:3)
2023-02-05 13:14:46 error: uncaughtException: Cannot read properties of null (reading 'toString')
TypeError: Cannot read properties of null (reading 'toString')
    at /Users/mac/Documents/www/K8sPipeline/PipelineBackend/src/repositories/pipeline.repository.ts:148:47
    at FSReqCallback.readFileAfterClose [as oncomplete] (node:internal/fs/read_file_context:68:3)
2023-02-05 13:14:46 error: uncaughtException: Cannot read properties of null (reading 'toString')
TypeError: Cannot read properties of null (reading 'toString')
    at /Users/mac/Documents/www/K8sPipeline/PipelineBackend/src/repositories/pipeline.repository.ts:148:47
    at FSReqCallback.readFileAfterClose [as oncomplete] (node:internal/fs/read_file_context:68:3)
2023-02-05 13:14:46 error: uncaughtException: Cannot read properties of null (reading 'toString')
TypeError: Cannot read properties of null (reading 'toString')
    at /Users/mac/Documents/www/K8sPipeline/PipelineBackend/src/repositories/pipeline.repository.ts:148:47
    at FSReqCallback.readFileAfterClose [as oncomplete] (node:internal/fs/read_file_context:68:3)
2023-02-05 13:15:02 error: uncaughtException: Cannot read properties of null (reading 'toString')
TypeError: Cannot read properties of null (reading 'toString')
    at /Users/mac/Documents/www/K8sPipeline/PipelineBackend/src/repositories/pipeline.repository.ts:148:47
    at FSReqCallback.readFileAfterClose [as oncomplete] (node:internal/fs/read_file_context:68:3)
2023-02-05 13:15:02 error: uncaughtException: Cannot read properties of null (reading 'toString')
TypeError: Cannot read properties of null (reading 'toString')
    at /Users/mac/Documents/www/K8sPipeline/PipelineBackend/src/repositories/pipeline.repository.ts:148:47
    at FSReqCallback.readFileAfterClose [as oncomplete] (node:internal/fs/read_file_context:68:3)
2023-02-05 13:15:02 error: uncaughtException: Cannot read properties of null (reading 'toString')
TypeError: Cannot read properties of null (reading 'toString')
    at /Users/mac/Documents/www/K8sPipeline/PipelineBackend/src/repositories/pipeline.repository.ts:148:47
    at FSReqCallback.readFileAfterClose [as oncomplete] (node:internal/fs/read_file_context:68:3)
2023-02-05 13:15:02 error: uncaughtException: Cannot read properties of null (reading 'toString')
TypeError: Cannot read properties of null (reading 'toString')
    at /Users/mac/Documents/www/K8sPipeline/PipelineBackend/src/repositories/pipeline.repository.ts:148:47
    at FSReqCallback.readFileAfterClose [as oncomplete] (node:internal/fs/read_file_context:68:3)
2023-02-05 13:15:02 error: uncaughtException: Cannot read properties of null (reading 'toString')
TypeError: Cannot read properties of null (reading 'toString')
    at /Users/mac/Documents/www/K8sPipeline/PipelineBackend/src/repositories/pipeline.repository.ts:148:47
    at FSReqCallback.readFileAfterClose [as oncomplete] (node:internal/fs/read_file_context:68:3)
2023-02-05 13:15:02 error: uncaughtException: Cannot read properties of null (reading 'toString')
TypeError: Cannot read properties of null (reading 'toString')
    at /Users/mac/Documents/www/K8sPipeline/PipelineBackend/src/repositories/pipeline.repository.ts:148:47
    at FSReqCallback.readFileAfterClose [as oncomplete] (node:internal/fs/read_file_context:68:3)
2023-02-05 13:15:02 error: uncaughtException: Cannot read properties of null (reading 'toString')
TypeError: Cannot read properties of null (reading 'toString')
    at /Users/mac/Documents/www/K8sPipeline/PipelineBackend/src/repositories/pipeline.repository.ts:148:47
    at FSReqCallback.readFileAfterClose [as oncomplete] (node:internal/fs/read_file_context:68:3)
2023-02-05 13:15:02 error: uncaughtException: Cannot read properties of null (reading 'toString')
TypeError: Cannot read properties of null (reading 'toString')
    at /Users/mac/Documents/www/K8sPipeline/PipelineBackend/src/repositories/pipeline.repository.ts:148:47
    at FSReqCallback.readFileAfterClose [as oncomplete] (node:internal/fs/read_file_context:68:3)
2023-02-05 13:18:20 error: uncaughtException: Cannot read properties of null (reading 'toString')
TypeError: Cannot read properties of null (reading 'toString')
    at /Users/mac/Documents/www/K8sPipeline/PipelineBackend/src/repositories/pipeline.repository.ts:148:47
    at FSReqCallback.readFileAfterClose [as oncomplete] (node:internal/fs/read_file_context:68:3)
2023-02-05 13:18:20 error: uncaughtException: Cannot read properties of null (reading 'toString')
TypeError: Cannot read properties of null (reading 'toString')
    at /Users/mac/Documents/www/K8sPipeline/PipelineBackend/src/repositories/pipeline.repository.ts:148:47
    at FSReqCallback.readFileAfterClose [as oncomplete] (node:internal/fs/read_file_context:68:3)
2023-02-05 13:18:20 error: uncaughtException: Cannot read properties of null (reading 'toString')
TypeError: Cannot read properties of null (reading 'toString')
    at /Users/mac/Documents/www/K8sPipeline/PipelineBackend/src/repositories/pipeline.repository.ts:148:47
    at FSReqCallback.readFileAfterClose [as oncomplete] (node:internal/fs/read_file_context:68:3)
2023-02-05 13:18:20 error: uncaughtException: Cannot read properties of null (reading 'toString')
TypeError: Cannot read properties of null (reading 'toString')
    at /Users/mac/Documents/www/K8sPipeline/PipelineBackend/src/repositories/pipeline.repository.ts:148:47
    at FSReqCallback.readFileAfterClose [as oncomplete] (node:internal/fs/read_file_context:68:3)
2023-02-05 13:18:20 error: uncaughtException: Cannot read properties of null (reading 'toString')
TypeError: Cannot read properties of null (reading 'toString')
    at /Users/mac/Documents/www/K8sPipeline/PipelineBackend/src/repositories/pipeline.repository.ts:148:47
    at FSReqCallback.readFileAfterClose [as oncomplete] (node:internal/fs/read_file_context:68:3)
2023-02-05 13:18:20 error: uncaughtException: Cannot read properties of null (reading 'toString')
TypeError: Cannot read properties of null (reading 'toString')
    at /Users/mac/Documents/www/K8sPipeline/PipelineBackend/src/repositories/pipeline.repository.ts:148:47
    at FSReqCallback.readFileAfterClose [as oncomplete] (node:internal/fs/read_file_context:68:3)
2023-02-05 13:18:20 error: uncaughtException: Cannot read properties of null (reading 'toString')
TypeError: Cannot read properties of null (reading 'toString')
    at /Users/mac/Documents/www/K8sPipeline/PipelineBackend/src/repositories/pipeline.repository.ts:148:47
    at FSReqCallback.readFileAfterClose [as oncomplete] (node:internal/fs/read_file_context:68:3)
2023-02-05 13:18:20 error: uncaughtException: Cannot read properties of null (reading 'toString')
TypeError: Cannot read properties of null (reading 'toString')
    at /Users/mac/Documents/www/K8sPipeline/PipelineBackend/src/repositories/pipeline.repository.ts:148:47
    at FSReqCallback.readFileAfterClose [as oncomplete] (node:internal/fs/read_file_context:68:3)
2023-02-05 14:40:16 error: uncaughtException: Missing initializer in const declaration
/Users/mac/Documents/www/K8sPipeline/PipelineBackend/src/repositories/pipeline.repository.ts:73
            const extractTemplateVariables;
                  ^^^^^^^^^^^^^^^^^^^^^^^^

SyntaxError: Missing initializer in const declaration
    at Object.compileFunction (node:vm:360:18)
    at wrapSafe (node:internal/modules/cjs/loader:1088:15)
    at Module._compile (node:internal/modules/cjs/loader:1123:27)
    at Module.m._compile (/Users/mac/Documents/www/K8sPipeline/PipelineBackend/node_modules/ts-node/src/index.ts:1618:23)
    at Module._extensions..js (node:internal/modules/cjs/loader:1213:10)
    at Object.require.extensions.<computed> [as .ts] (/Users/mac/Documents/www/K8sPipeline/PipelineBackend/node_modules/ts-node/src/index.ts:1621:12)
    at Module.load (node:internal/modules/cjs/loader:1037:32)
    at Function.Module._load (node:internal/modules/cjs/loader:878:12)
    at Module.require (node:internal/modules/cjs/loader:1061:19)
    at require (node:internal/modules/cjs/helpers:103:18)
2023-02-05 14:42:54 error: uncaughtException: Cannot read properties of undefined (reading 'forEach')
TypeError: Cannot read properties of undefined (reading 'forEach')
    at getAllConfigFiles (/Users/mac/Documents/www/K8sPipeline/PipelineBackend/src/helpers/VariableExtractor.ts:51:34)
    at /Users/mac/Documents/www/K8sPipeline/PipelineBackend/src/helpers/VariableExtractor.ts:60:13
