2023-02-28 00:07:57 error: uncaughtException: this.updatePipelineBuild is not a function
TypeError: this.updatePipelineBuild is not a function
    at Socket.<anonymous> (/Users/mac/Documents/www/K8sPipeline/App/src/repositories/pipeline.repository.ts:189:12)
    at Socket.emit (node:events:525:35)
    at Socket.emit (node:domain:489:12)
    at addChunk (node:internal/streams/readable:324:12)
    at readableAddChunk (node:internal/streams/readable:293:11)
    at Socket.Readable.push (node:internal/streams/readable:234:10)
    at Pipe.onStreamRead (node:internal/stream_base_commons:190:23)
2023-02-28 00:07:57 error: uncaughtException: this.updatePipelineBuild is not a function
TypeError: this.updatePipelineBuild is not a function
    at Socket.<anonymous> (/Users/mac/Documents/www/K8sPipeline/App/src/repositories/pipeline.repository.ts:189:12)
    at Socket.emit (node:events:525:35)
    at Socket.emit (node:domain:489:12)
    at addChunk (node:internal/streams/readable:324:12)
    at readableAddChunk (node:internal/streams/readable:293:11)
    at Socket.Readable.push (node:internal/streams/readable:234:10)
    at Pipe.onStreamRead (node:internal/stream_base_commons:190:23)
2023-02-28 00:07:57 error: uncaughtException: this.updatePipelineBuild is not a function
TypeError: this.updatePipelineBuild is not a function
    at Socket.<anonymous> (/Users/mac/Documents/www/K8sPipeline/App/src/repositories/pipeline.repository.ts:189:12)
    at Socket.emit (node:events:525:35)
    at Socket.emit (node:domain:489:12)
    at addChunk (node:internal/streams/readable:324:12)
    at readableAddChunk (node:internal/streams/readable:293:11)
    at Socket.Readable.push (node:internal/streams/readable:234:10)
    at Pipe.onStreamRead (node:internal/stream_base_commons:190:23)
2023-02-28 00:07:57 error: uncaughtException: this.updatePipelineBuild is not a function
TypeError: this.updatePipelineBuild is not a function
    at Socket.<anonymous> (/Users/mac/Documents/www/K8sPipeline/App/src/repositories/pipeline.repository.ts:189:12)
    at Socket.emit (node:events:525:35)
    at Socket.emit (node:domain:489:12)
    at addChunk (node:internal/streams/readable:324:12)
    at readableAddChunk (node:internal/streams/readable:293:11)
    at Socket.Readable.push (node:internal/streams/readable:234:10)
    at Pipe.onStreamRead (node:internal/stream_base_commons:190:23)
2023-02-28 00:07:57 error: uncaughtException: this.updatePipelineBuild is not a function
TypeError: this.updatePipelineBuild is not a function
    at Socket.<anonymous> (/Users/mac/Documents/www/K8sPipeline/App/src/repositories/pipeline.repository.ts:189:12)
    at Socket.emit (node:events:525:35)
    at Socket.emit (node:domain:489:12)
    at addChunk (node:internal/streams/readable:324:12)
    at readableAddChunk (node:internal/streams/readable:293:11)
    at Socket.Readable.push (node:internal/streams/readable:234:10)
    at Pipe.onStreamRead (node:internal/stream_base_commons:190:23)
2023-02-28 00:07:58 error: uncaughtException: this.updatePipelineBuild is not a function
TypeError: this.updatePipelineBuild is not a function
    at Socket.<anonymous> (/Users/mac/Documents/www/K8sPipeline/App/src/repositories/pipeline.repository.ts:189:12)
    at Socket.emit (node:events:525:35)
    at Socket.emit (node:domain:489:12)
    at addChunk (node:internal/streams/readable:324:12)
    at readableAddChunk (node:internal/streams/readable:293:11)
    at Socket.Readable.push (node:internal/streams/readable:234:10)
    at Pipe.onStreamRead (node:internal/stream_base_commons:190:23)
2023-02-28 00:07:58 error: uncaughtException: this.updatePipelineBuild is not a function
TypeError: this.updatePipelineBuild is not a function
    at Socket.<anonymous> (/Users/mac/Documents/www/K8sPipeline/App/src/repositories/pipeline.repository.ts:189:12)
    at Socket.emit (node:events:525:35)
    at Socket.emit (node:domain:489:12)
    at addChunk (node:internal/streams/readable:324:12)
    at readableAddChunk (node:internal/streams/readable:293:11)
    at Socket.Readable.push (node:internal/streams/readable:234:10)
    at Pipe.onStreamRead (node:internal/stream_base_commons:190:23)
2023-02-28 00:08:00 error: uncaughtException: this.updatePipelineBuild is not a function
TypeError: this.updatePipelineBuild is not a function
    at Socket.<anonymous> (/Users/mac/Documents/www/K8sPipeline/App/src/repositories/pipeline.repository.ts:189:12)
    at Socket.emit (node:events:525:35)
    at Socket.emit (node:domain:489:12)
    at addChunk (node:internal/streams/readable:324:12)
    at readableAddChunk (node:internal/streams/readable:293:11)
    at Socket.Readable.push (node:internal/streams/readable:234:10)
    at Pipe.onStreamRead (node:internal/stream_base_commons:190:23)
2023-02-28 00:08:00 error: uncaughtException: this.updatePipelineBuild is not a function
TypeError: this.updatePipelineBuild is not a function
    at Socket.<anonymous> (/Users/mac/Documents/www/K8sPipeline/App/src/repositories/pipeline.repository.ts:189:12)
    at Socket.emit (node:events:525:35)
    at Socket.emit (node:domain:489:12)
    at addChunk (node:internal/streams/readable:324:12)
    at readableAddChunk (node:internal/streams/readable:293:11)
    at Socket.Readable.push (node:internal/streams/readable:234:10)
    at Pipe.onStreamRead (node:internal/stream_base_commons:190:23)
2023-02-28 00:08:00 error: uncaughtException: this.updatePipelineBuild is not a function
TypeError: this.updatePipelineBuild is not a function
    at Socket.<anonymous> (/Users/mac/Documents/www/K8sPipeline/App/src/repositories/pipeline.repository.ts:189:12)
    at Socket.emit (node:events:525:35)
    at Socket.emit (node:domain:489:12)
    at addChunk (node:internal/streams/readable:324:12)
    at readableAddChunk (node:internal/streams/readable:293:11)
    at Socket.Readable.push (node:internal/streams/readable:234:10)
    at Pipe.onStreamRead (node:internal/stream_base_commons:190:23)
2023-02-28 00:08:00 error: uncaughtException: this.updatePipelineBuild is not a function
TypeError: this.updatePipelineBuild is not a function
    at Socket.<anonymous> (/Users/mac/Documents/www/K8sPipeline/App/src/repositories/pipeline.repository.ts:189:12)
    at Socket.emit (node:events:525:35)
    at Socket.emit (node:domain:489:12)
    at addChunk (node:internal/streams/readable:324:12)
    at readableAddChunk (node:internal/streams/readable:293:11)
    at Socket.Readable.push (node:internal/streams/readable:234:10)
    at Pipe.onStreamRead (node:internal/stream_base_commons:190:23)
