2023-02-04 15:37:37 error: uncaughtException: Looks like you use an incorrect version of the 'graphql' package: "16.6.0". Please ensure that you have installed a version that meets TypeGraphQL's requirement: "^15.3.0".
Error: Looks like you use an incorrect version of the 'graphql' package: "16.6.0". Please ensure that you have installed a version that meets TypeGraphQL's requirement: "^15.3.0".
    at Object.ensureInstalledCorrectGraphQLPackage (/Users/mac/Documents/www/K8sPipeline/PipelineBackend/node_modules/type-graphql/dist/utils/graphql-version.js:20:15)
    at Function.checkForErrors (/Users/mac/Documents/www/K8sPipeline/PipelineBackend/node_modules/type-graphql/dist/schema/schema-generator.js:47:27)
    at Function.generateFromMetadataSync (/Users/mac/Documents/www/K8sPipeline/PipelineBackend/node_modules/type-graphql/dist/schema/schema-generator.js:26:14)
    at Function.generateFromMetadata (/Users/mac/Documents/www/K8sPipeline/PipelineBackend/node_modules/type-graphql/dist/schema/schema-generator.js:16:29)
    at buildSchema (/Users/mac/Documents/www/K8sPipeline/PipelineBackend/node_modules/type-graphql/dist/utils/buildSchema.js:10:61)
    at App.initApolloServer (/Users/mac/Documents/www/K8sPipeline/PipelineBackend/src/app.ts:66:37)
    at new App (/Users/mac/Documents/www/K8sPipeline/PipelineBackend/src/app.ts:30:10)
    at Object.<anonymous> (/Users/mac/Documents/www/K8sPipeline/PipelineBackend/src/server.ts:9:13)
    at Module._compile (node:internal/modules/cjs/loader:1159:14)
    at Module.m._compile (/Users/mac/Documents/www/K8sPipeline/PipelineBackend/node_modules/ts-node/src/index.ts:1618:23)
2023-02-04 15:37:37 error: uncaughtException: connect ECONNREFUSED 127.0.0.1:5432
Error: connect ECONNREFUSED 127.0.0.1:5432
    at TCPConnectWrap.afterConnect [as oncomplete] (node:net:1300:16)
2023-02-04 15:46:11 error: uncaughtException: Looks like you use an incorrect version of the 'graphql' package: "16.6.0". Please ensure that you have installed a version that meets TypeGraphQL's requirement: "^15.3.0".
Error: Looks like you use an incorrect version of the 'graphql' package: "16.6.0". Please ensure that you have installed a version that meets TypeGraphQL's requirement: "^15.3.0".
    at Object.ensureInstalledCorrectGraphQLPackage (/Users/mac/Documents/www/K8sPipeline/PipelineBackend/node_modules/type-graphql/dist/utils/graphql-version.js:20:15)
    at Function.checkForErrors (/Users/mac/Documents/www/K8sPipeline/PipelineBackend/node_modules/type-graphql/dist/schema/schema-generator.js:47:27)
    at Function.generateFromMetadataSync (/Users/mac/Documents/www/K8sPipeline/PipelineBackend/node_modules/type-graphql/dist/schema/schema-generator.js:26:14)
    at Function.generateFromMetadata (/Users/mac/Documents/www/K8sPipeline/PipelineBackend/node_modules/type-graphql/dist/schema/schema-generator.js:16:29)
    at buildSchema (/Users/mac/Documents/www/K8sPipeline/PipelineBackend/node_modules/type-graphql/dist/utils/buildSchema.js:10:61)
    at App.initApolloServer (/Users/mac/Documents/www/K8sPipeline/PipelineBackend/src/app.ts:66:37)
    at new App (/Users/mac/Documents/www/K8sPipeline/PipelineBackend/src/app.ts:30:10)
    at Object.<anonymous> (/Users/mac/Documents/www/K8sPipeline/PipelineBackend/src/server.ts:9:13)
    at Module._compile (node:internal/modules/cjs/loader:1159:14)
    at Module.m._compile (/Users/mac/Documents/www/K8sPipeline/PipelineBackend/node_modules/ts-node/src/index.ts:1618:23)
2023-02-04 15:46:11 error: uncaughtException: unknown message code: 59
AssertionError [ERR_ASSERTION]: unknown message code: 59
    at Parser.handlePacket (/Users/mac/Documents/www/K8sPipeline/PipelineBackend/node_modules/pg-protocol/src/parser.ts:202:16)
    at Parser.parse (/Users/mac/Documents/www/K8sPipeline/PipelineBackend/node_modules/pg-protocol/src/parser.ts:103:30)
    at Socket.<anonymous> (/Users/mac/Documents/www/K8sPipeline/PipelineBackend/node_modules/pg-protocol/src/index.ts:7:48)
    at Socket.emit (node:events:513:28)
    at Socket.emit (node:domain:489:12)
    at addChunk (node:internal/streams/readable:324:12)
    at readableAddChunk (node:internal/streams/readable:297:9)
    at Socket.Readable.push (node:internal/streams/readable:234:10)
    at TCP.onStreamRead (node:internal/stream_base_commons:190:23)
2023-02-04 15:46:11 error: uncaughtException: unknown message code: 59
AssertionError [ERR_ASSERTION]: unknown message code: 59
    at Parser.handlePacket (/Users/mac/Documents/www/K8sPipeline/PipelineBackend/node_modules/pg-protocol/src/parser.ts:202:16)
    at Parser.parse (/Users/mac/Documents/www/K8sPipeline/PipelineBackend/node_modules/pg-protocol/src/parser.ts:103:30)
    at Socket.<anonymous> (/Users/mac/Documents/www/K8sPipeline/PipelineBackend/node_modules/pg-protocol/src/index.ts:7:48)
    at Socket.emit (node:events:513:28)
    at Socket.emit (node:domain:489:12)
    at addChunk (node:internal/streams/readable:324:12)
    at readableAddChunk (node:internal/streams/readable:297:9)
    at Socket.Readable.push (node:internal/streams/readable:234:10)
    at TCP.onStreamRead (node:internal/stream_base_commons:190:23)
2023-02-04 15:46:11 error: uncaughtException: read ECONNRESET
Error: read ECONNRESET
    at TCP.onStreamRead (node:internal/stream_base_commons:217:20)
2023-02-04 15:51:35 error: uncaughtException: Looks like you use an incorrect version of the 'graphql' package: "16.6.0". Please ensure that you have installed a version that meets TypeGraphQL's requirement: "^15.3.0".
Error: Looks like you use an incorrect version of the 'graphql' package: "16.6.0". Please ensure that you have installed a version that meets TypeGraphQL's requirement: "^15.3.0".
    at Object.ensureInstalledCorrectGraphQLPackage (/Users/mac/Documents/www/K8sPipeline/PipelineBackend/node_modules/type-graphql/dist/utils/graphql-version.js:20:15)
    at Function.checkForErrors (/Users/mac/Documents/www/K8sPipeline/PipelineBackend/node_modules/type-graphql/dist/schema/schema-generator.js:47:27)
    at Function.generateFromMetadataSync (/Users/mac/Documents/www/K8sPipeline/PipelineBackend/node_modules/type-graphql/dist/schema/schema-generator.js:26:14)
    at Function.generateFromMetadata (/Users/mac/Documents/www/K8sPipeline/PipelineBackend/node_modules/type-graphql/dist/schema/schema-generator.js:16:29)
    at buildSchema (/Users/mac/Documents/www/K8sPipeline/PipelineBackend/node_modules/type-graphql/dist/utils/buildSchema.js:10:61)
    at App.initApolloServer (/Users/mac/Documents/www/K8sPipeline/PipelineBackend/src/app.ts:72:37)
    at new App (/Users/mac/Documents/www/K8sPipeline/PipelineBackend/src/app.ts:30:10)
    at Object.<anonymous> (/Users/mac/Documents/www/K8sPipeline/PipelineBackend/src/server.ts:9:13)
    at Module._compile (node:internal/modules/cjs/loader:1159:14)
    at Module.m._compile (/Users/mac/Documents/www/K8sPipeline/PipelineBackend/node_modules/ts-node/src/index.ts:1618:23)
2023-02-04 15:51:35 error: uncaughtException: unknown message code: 59
AssertionError [ERR_ASSERTION]: unknown message code: 59
    at Parser.handlePacket (/Users/mac/Documents/www/K8sPipeline/PipelineBackend/node_modules/pg-protocol/src/parser.ts:202:16)
    at Parser.parse (/Users/mac/Documents/www/K8sPipeline/PipelineBackend/node_modules/pg-protocol/src/parser.ts:103:30)
    at Socket.<anonymous> (/Users/mac/Documents/www/K8sPipeline/PipelineBackend/node_modules/pg-protocol/src/index.ts:7:48)
    at Socket.emit (node:events:513:28)
    at Socket.emit (node:domain:489:12)
    at addChunk (node:internal/streams/readable:324:12)
    at readableAddChunk (node:internal/streams/readable:297:9)
    at Socket.Readable.push (node:internal/streams/readable:234:10)
    at TCP.onStreamRead (node:internal/stream_base_commons:190:23)
2023-02-04 15:51:58 error: uncaughtException: Looks like you use an incorrect version of the 'graphql' package: "16.6.0". Please ensure that you have installed a version that meets TypeGraphQL's requirement: "^15.3.0".
Error: Looks like you use an incorrect version of the 'graphql' package: "16.6.0". Please ensure that you have installed a version that meets TypeGraphQL's requirement: "^15.3.0".
    at Object.ensureInstalledCorrectGraphQLPackage (/Users/mac/Documents/www/K8sPipeline/PipelineBackend/node_modules/type-graphql/dist/utils/graphql-version.js:20:15)
    at Function.checkForErrors (/Users/mac/Documents/www/K8sPipeline/PipelineBackend/node_modules/type-graphql/dist/schema/schema-generator.js:47:27)
    at Function.generateFromMetadataSync (/Users/mac/Documents/www/K8sPipeline/PipelineBackend/node_modules/type-graphql/dist/schema/schema-generator.js:26:14)
    at Function.generateFromMetadata (/Users/mac/Documents/www/K8sPipeline/PipelineBackend/node_modules/type-graphql/dist/schema/schema-generator.js:16:29)
    at buildSchema (/Users/mac/Documents/www/K8sPipeline/PipelineBackend/node_modules/type-graphql/dist/utils/buildSchema.js:10:61)
    at App.initApolloServer (/Users/mac/Documents/www/K8sPipeline/PipelineBackend/src/app.ts:72:37)
    at new App (/Users/mac/Documents/www/K8sPipeline/PipelineBackend/src/app.ts:30:10)
    at Object.<anonymous> (/Users/mac/Documents/www/K8sPipeline/PipelineBackend/src/server.ts:9:13)
    at Module._compile (node:internal/modules/cjs/loader:1159:14)
    at Module.m._compile (/Users/mac/Documents/www/K8sPipeline/PipelineBackend/node_modules/ts-node/src/index.ts:1618:23)
2023-02-04 15:52:42 error: uncaughtException: Looks like you use an incorrect version of the 'graphql' package: "16.6.0". Please ensure that you have installed a version that meets TypeGraphQL's requirement: "^15.3.0".
Error: Looks like you use an incorrect version of the 'graphql' package: "16.6.0". Please ensure that you have installed a version that meets TypeGraphQL's requirement: "^15.3.0".
    at Object.ensureInstalledCorrectGraphQLPackage (/Users/mac/Documents/www/K8sPipeline/PipelineBackend/node_modules/type-graphql/dist/utils/graphql-version.js:20:15)
    at Function.checkForErrors (/Users/mac/Documents/www/K8sPipeline/PipelineBackend/node_modules/type-graphql/dist/schema/schema-generator.js:47:27)
    at Function.generateFromMetadataSync (/Users/mac/Documents/www/K8sPipeline/PipelineBackend/node_modules/type-graphql/dist/schema/schema-generator.js:26:14)
    at Function.generateFromMetadata (/Users/mac/Documents/www/K8sPipeline/PipelineBackend/node_modules/type-graphql/dist/schema/schema-generator.js:16:29)
    at buildSchema (/Users/mac/Documents/www/K8sPipeline/PipelineBackend/node_modules/type-graphql/dist/utils/buildSchema.js:10:61)
    at App.initApolloServer (/Users/mac/Documents/www/K8sPipeline/PipelineBackend/src/app.ts:72:37)
    at new App (/Users/mac/Documents/www/K8sPipeline/PipelineBackend/src/app.ts:30:10)
    at Object.<anonymous> (/Users/mac/Documents/www/K8sPipeline/PipelineBackend/src/server.ts:9:13)
    at Module._compile (node:internal/modules/cjs/loader:1159:14)
    at Module.m._compile (/Users/mac/Documents/www/K8sPipeline/PipelineBackend/node_modules/ts-node/src/index.ts:1618:23)
2023-02-04 15:53:00 error: uncaughtException: Looks like you use an incorrect version of the 'graphql' package: "16.6.0". Please ensure that you have installed a version that meets TypeGraphQL's requirement: "^15.3.0".
Error: Looks like you use an incorrect version of the 'graphql' package: "16.6.0". Please ensure that you have installed a version that meets TypeGraphQL's requirement: "^15.3.0".
    at Object.ensureInstalledCorrectGraphQLPackage (/Users/mac/Documents/www/K8sPipeline/PipelineBackend/node_modules/type-graphql/dist/utils/graphql-version.js:20:15)
    at Function.checkForErrors (/Users/mac/Documents/www/K8sPipeline/PipelineBackend/node_modules/type-graphql/dist/schema/schema-generator.js:47:27)
    at Function.generateFromMetadataSync (/Users/mac/Documents/www/K8sPipeline/PipelineBackend/node_modules/type-graphql/dist/schema/schema-generator.js:26:14)
    at Function.generateFromMetadata (/Users/mac/Documents/www/K8sPipeline/PipelineBackend/node_modules/type-graphql/dist/schema/schema-generator.js:16:29)
    at buildSchema (/Users/mac/Documents/www/K8sPipeline/PipelineBackend/node_modules/type-graphql/dist/utils/buildSchema.js:10:61)
    at App.initApolloServer (/Users/mac/Documents/www/K8sPipeline/PipelineBackend/src/app.ts:72:37)
    at new App (/Users/mac/Documents/www/K8sPipeline/PipelineBackend/src/app.ts:30:10)
    at Object.<anonymous> (/Users/mac/Documents/www/K8sPipeline/PipelineBackend/src/server.ts:9:13)
    at Module._compile (node:internal/modules/cjs/loader:1159:14)
    at Module.m._compile (/Users/mac/Documents/www/K8sPipeline/PipelineBackend/node_modules/ts-node/src/index.ts:1618:23)
2023-02-04 15:53:57 error: uncaughtException: Looks like you use an incorrect version of the 'graphql' package: "16.6.0". Please ensure that you have installed a version that meets TypeGraphQL's requirement: "^15.3.0".
Error: Looks like you use an incorrect version of the 'graphql' package: "16.6.0". Please ensure that you have installed a version that meets TypeGraphQL's requirement: "^15.3.0".
    at Object.ensureInstalledCorrectGraphQLPackage (/Users/mac/Documents/www/K8sPipeline/PipelineBackend/node_modules/type-graphql/dist/utils/graphql-version.js:20:15)
    at Function.checkForErrors (/Users/mac/Documents/www/K8sPipeline/PipelineBackend/node_modules/type-graphql/dist/schema/schema-generator.js:47:27)
    at Function.generateFromMetadataSync (/Users/mac/Documents/www/K8sPipeline/PipelineBackend/node_modules/type-graphql/dist/schema/schema-generator.js:26:14)
    at Function.generateFromMetadata (/Users/mac/Documents/www/K8sPipeline/PipelineBackend/node_modules/type-graphql/dist/schema/schema-generator.js:16:29)
    at buildSchema (/Users/mac/Documents/www/K8sPipeline/PipelineBackend/node_modules/type-graphql/dist/utils/buildSchema.js:10:61)
    at App.initApolloServer (/Users/mac/Documents/www/K8sPipeline/PipelineBackend/src/app.ts:72:37)
    at new App (/Users/mac/Documents/www/K8sPipeline/PipelineBackend/src/app.ts:30:10)
    at Object.<anonymous> (/Users/mac/Documents/www/K8sPipeline/PipelineBackend/src/server.ts:9:13)
    at Module._compile (node:internal/modules/cjs/loader:1159:14)
    at Module.m._compile (/Users/mac/Documents/www/K8sPipeline/PipelineBackend/node_modules/ts-node/src/index.ts:1618:23)
2023-02-04 15:55:50 error: uncaughtException: Looks like you use an incorrect version of the 'graphql' package: "16.6.0". Please ensure that you have installed a version that meets TypeGraphQL's requirement: "^15.3.0".
Error: Looks like you use an incorrect version of the 'graphql' package: "16.6.0". Please ensure that you have installed a version that meets TypeGraphQL's requirement: "^15.3.0".
    at Object.ensureInstalledCorrectGraphQLPackage (/Users/mac/Documents/www/K8sPipeline/PipelineBackend/node_modules/type-graphql/dist/utils/graphql-version.js:20:15)
    at Function.checkForErrors (/Users/mac/Documents/www/K8sPipeline/PipelineBackend/node_modules/type-graphql/dist/schema/schema-generator.js:47:27)
    at Function.generateFromMetadataSync (/Users/mac/Documents/www/K8sPipeline/PipelineBackend/node_modules/type-graphql/dist/schema/schema-generator.js:26:14)
    at Function.generateFromMetadata (/Users/mac/Documents/www/K8sPipeline/PipelineBackend/node_modules/type-graphql/dist/schema/schema-generator.js:16:29)
    at buildSchema (/Users/mac/Documents/www/K8sPipeline/PipelineBackend/node_modules/type-graphql/dist/utils/buildSchema.js:10:61)
    at App.initApolloServer (/Users/mac/Documents/www/K8sPipeline/PipelineBackend/src/app.ts:72:37)
    at new App (/Users/mac/Documents/www/K8sPipeline/PipelineBackend/src/app.ts:30:10)
    at Object.<anonymous> (/Users/mac/Documents/www/K8sPipeline/PipelineBackend/src/server.ts:9:13)
    at Module._compile (node:internal/modules/cjs/loader:1159:14)
    at Module.m._compile (/Users/mac/Documents/www/K8sPipeline/PipelineBackend/node_modules/ts-node/src/index.ts:1618:23)
2023-02-04 15:56:18 error: uncaughtException: Looks like you use an incorrect version of the 'graphql' package: "16.6.0". Please ensure that you have installed a version that meets TypeGraphQL's requirement: "^15.3.0".
Error: Looks like you use an incorrect version of the 'graphql' package: "16.6.0". Please ensure that you have installed a version that meets TypeGraphQL's requirement: "^15.3.0".
    at Object.ensureInstalledCorrectGraphQLPackage (/Users/mac/Documents/www/K8sPipeline/PipelineBackend/node_modules/type-graphql/dist/utils/graphql-version.js:20:15)
    at Function.checkForErrors (/Users/mac/Documents/www/K8sPipeline/PipelineBackend/node_modules/type-graphql/dist/schema/schema-generator.js:47:27)
    at Function.generateFromMetadataSync (/Users/mac/Documents/www/K8sPipeline/PipelineBackend/node_modules/type-graphql/dist/schema/schema-generator.js:26:14)
    at Function.generateFromMetadata (/Users/mac/Documents/www/K8sPipeline/PipelineBackend/node_modules/type-graphql/dist/schema/schema-generator.js:16:29)
    at buildSchema (/Users/mac/Documents/www/K8sPipeline/PipelineBackend/node_modules/type-graphql/dist/utils/buildSchema.js:10:61)
    at App.initApolloServer (/Users/mac/Documents/www/K8sPipeline/PipelineBackend/src/app.ts:72:37)
    at new App (/Users/mac/Documents/www/K8sPipeline/PipelineBackend/src/app.ts:30:10)
    at Object.<anonymous> (/Users/mac/Documents/www/K8sPipeline/PipelineBackend/src/server.ts:9:13)
    at Module._compile (node:internal/modules/cjs/loader:1159:14)
    at Module.m._compile (/Users/mac/Documents/www/K8sPipeline/PipelineBackend/node_modules/ts-node/src/index.ts:1618:23)
2023-02-04 15:56:39 error: uncaughtException: Looks like you use an incorrect version of the 'graphql' package: "16.6.0". Please ensure that you have installed a version that meets TypeGraphQL's requirement: "^15.3.0".
Error: Looks like you use an incorrect version of the 'graphql' package: "16.6.0". Please ensure that you have installed a version that meets TypeGraphQL's requirement: "^15.3.0".
    at Object.ensureInstalledCorrectGraphQLPackage (/Users/mac/Documents/www/K8sPipeline/PipelineBackend/node_modules/type-graphql/dist/utils/graphql-version.js:20:15)
    at Function.checkForErrors (/Users/mac/Documents/www/K8sPipeline/PipelineBackend/node_modules/type-graphql/dist/schema/schema-generator.js:47:27)
    at Function.generateFromMetadataSync (/Users/mac/Documents/www/K8sPipeline/PipelineBackend/node_modules/type-graphql/dist/schema/schema-generator.js:26:14)
    at Function.generateFromMetadata (/Users/mac/Documents/www/K8sPipeline/PipelineBackend/node_modules/type-graphql/dist/schema/schema-generator.js:16:29)
    at buildSchema (/Users/mac/Documents/www/K8sPipeline/PipelineBackend/node_modules/type-graphql/dist/utils/buildSchema.js:10:61)
    at App.initApolloServer (/Users/mac/Documents/www/K8sPipeline/PipelineBackend/src/app.ts:72:37)
    at new App (/Users/mac/Documents/www/K8sPipeline/PipelineBackend/src/app.ts:30:10)
    at Object.<anonymous> (/Users/mac/Documents/www/K8sPipeline/PipelineBackend/src/server.ts:9:13)
    at Module._compile (node:internal/modules/cjs/loader:1159:14)
    at Module.m._compile (/Users/mac/Documents/www/K8sPipeline/PipelineBackend/node_modules/ts-node/src/index.ts:1618:23)
2023-02-04 15:56:55 error: uncaughtException: Looks like you use an incorrect version of the 'graphql' package: "16.6.0". Please ensure that you have installed a version that meets TypeGraphQL's requirement: "^15.3.0".
Error: Looks like you use an incorrect version of the 'graphql' package: "16.6.0". Please ensure that you have installed a version that meets TypeGraphQL's requirement: "^15.3.0".
    at Object.ensureInstalledCorrectGraphQLPackage (/Users/mac/Documents/www/K8sPipeline/PipelineBackend/node_modules/type-graphql/dist/utils/graphql-version.js:20:15)
    at Function.checkForErrors (/Users/mac/Documents/www/K8sPipeline/PipelineBackend/node_modules/type-graphql/dist/schema/schema-generator.js:47:27)
    at Function.generateFromMetadataSync (/Users/mac/Documents/www/K8sPipeline/PipelineBackend/node_modules/type-graphql/dist/schema/schema-generator.js:26:14)
    at Function.generateFromMetadata (/Users/mac/Documents/www/K8sPipeline/PipelineBackend/node_modules/type-graphql/dist/schema/schema-generator.js:16:29)
    at buildSchema (/Users/mac/Documents/www/K8sPipeline/PipelineBackend/node_modules/type-graphql/dist/utils/buildSchema.js:10:61)
    at App.initApolloServer (/Users/mac/Documents/www/K8sPipeline/PipelineBackend/src/app.ts:74:37)
    at new App (/Users/mac/Documents/www/K8sPipeline/PipelineBackend/src/app.ts:30:10)
    at Object.<anonymous> (/Users/mac/Documents/www/K8sPipeline/PipelineBackend/src/server.ts:9:13)
    at Module._compile (node:internal/modules/cjs/loader:1159:14)
    at Module.m._compile (/Users/mac/Documents/www/K8sPipeline/PipelineBackend/node_modules/ts-node/src/index.ts:1618:23)
2023-02-04 15:57:05 error: uncaughtException: Looks like you use an incorrect version of the 'graphql' package: "16.6.0". Please ensure that you have installed a version that meets TypeGraphQL's requirement: "^15.3.0".
Error: Looks like you use an incorrect version of the 'graphql' package: "16.6.0". Please ensure that you have installed a version that meets TypeGraphQL's requirement: "^15.3.0".
    at Object.ensureInstalledCorrectGraphQLPackage (/Users/mac/Documents/www/K8sPipeline/PipelineBackend/node_modules/type-graphql/dist/utils/graphql-version.js:20:15)
    at Function.checkForErrors (/Users/mac/Documents/www/K8sPipeline/PipelineBackend/node_modules/type-graphql/dist/schema/schema-generator.js:47:27)
    at Function.generateFromMetadataSync (/Users/mac/Documents/www/K8sPipeline/PipelineBackend/node_modules/type-graphql/dist/schema/schema-generator.js:26:14)
    at Function.generateFromMetadata (/Users/mac/Documents/www/K8sPipeline/PipelineBackend/node_modules/type-graphql/dist/schema/schema-generator.js:16:29)
    at buildSchema (/Users/mac/Documents/www/K8sPipeline/PipelineBackend/node_modules/type-graphql/dist/utils/buildSchema.js:10:61)
    at App.initApolloServer (/Users/mac/Documents/www/K8sPipeline/PipelineBackend/src/app.ts:72:37)
    at new App (/Users/mac/Documents/www/K8sPipeline/PipelineBackend/src/app.ts:30:10)
    at Object.<anonymous> (/Users/mac/Documents/www/K8sPipeline/PipelineBackend/src/server.ts:9:13)
    at Module._compile (node:internal/modules/cjs/loader:1159:14)
    at Module.m._compile (/Users/mac/Documents/www/K8sPipeline/PipelineBackend/node_modules/ts-node/src/index.ts:1618:23)
2023-02-04 16:01:18 error: uncaughtException: Apollo Server requires either an existing schema, modules or typeDefs
Error: Apollo Server requires either an existing schema, modules or typeDefs
    at ApolloServer.constructSchema (/Users/mac/Documents/www/K8sPipeline/PipelineBackend/node_modules/apollo-server-core/src/ApolloServer.ts:677:13)
    at new ApolloServerBase (/Users/mac/Documents/www/K8sPipeline/PipelineBackend/node_modules/apollo-server-core/src/ApolloServer.ts:330:18)
    at new ApolloServer (/Users/mac/Documents/www/K8sPipeline/PipelineBackend/node_modules/apollo-server-express/src/ApolloServer.ts:55:1)
    at App.initApolloServer (/Users/mac/Documents/www/K8sPipeline/PipelineBackend/src/app.ts:86:26)
    at new App (/Users/mac/Documents/www/K8sPipeline/PipelineBackend/src/app.ts:30:10)
    at Object.<anonymous> (/Users/mac/Documents/www/K8sPipeline/PipelineBackend/src/server.ts:9:13)
    at Module._compile (node:internal/modules/cjs/loader:1159:14)
    at Module.m._compile (/Users/mac/Documents/www/K8sPipeline/PipelineBackend/node_modules/ts-node/src/index.ts:1618:23)
    at Module._extensions..js (node:internal/modules/cjs/loader:1213:10)
    at Object.require.extensions.<computed> [as .ts] (/Users/mac/Documents/www/K8sPipeline/PipelineBackend/node_modules/ts-node/src/index.ts:1621:12)
2023-02-04 16:02:06 error: uncaughtException: Apollo Server requires either an existing schema, modules or typeDefs
Error: Apollo Server requires either an existing schema, modules or typeDefs
    at ApolloServer.constructSchema (/Users/mac/Documents/www/K8sPipeline/PipelineBackend/node_modules/apollo-server-core/src/ApolloServer.ts:677:13)
    at new ApolloServerBase (/Users/mac/Documents/www/K8sPipeline/PipelineBackend/node_modules/apollo-server-core/src/ApolloServer.ts:330:18)
    at new ApolloServer (/Users/mac/Documents/www/K8sPipeline/PipelineBackend/node_modules/apollo-server-express/src/ApolloServer.ts:55:1)
    at App.initApolloServer (/Users/mac/Documents/www/K8sPipeline/PipelineBackend/src/app.ts:86:26)
    at new App (/Users/mac/Documents/www/K8sPipeline/PipelineBackend/src/app.ts:30:10)
    at Object.<anonymous> (/Users/mac/Documents/www/K8sPipeline/PipelineBackend/src/server.ts:9:13)
    at Module._compile (node:internal/modules/cjs/loader:1159:14)
    at Module.m._compile (/Users/mac/Documents/www/K8sPipeline/PipelineBackend/node_modules/ts-node/src/index.ts:1618:23)
    at Module._extensions..js (node:internal/modules/cjs/loader:1213:10)
    at Object.require.extensions.<computed> [as .ts] (/Users/mac/Documents/www/K8sPipeline/PipelineBackend/node_modules/ts-node/src/index.ts:1621:12)
2023-02-04 21:07:45 error: uncaughtException: passport_bitbucket_oauth2_1.default is not a constructor
TypeError: passport_bitbucket_oauth2_1.default is not a constructor
    at AuthStrategyRepository.configureBitbucket (/Users/mac/Documents/www/K8sPipeline/PipelineBackend/src/repositories/authStrategy.repository.ts:62:7)
    at AuthStrategyRepository.authenticateStategy (/Users/mac/Documents/www/K8sPipeline/PipelineBackend/src/repositories/authStrategy.repository.ts:87:12)
    at App.registerRestRoute (/Users/mac/Documents/www/K8sPipeline/PipelineBackend/src/app.ts:53:54)
    at new App (/Users/mac/Documents/www/K8sPipeline/PipelineBackend/src/app.ts:33:10)
    at Object.<anonymous> (/Users/mac/Documents/www/K8sPipeline/PipelineBackend/src/server.ts:9:13)
    at Module._compile (node:internal/modules/cjs/loader:1159:14)
    at Module.m._compile (/Users/mac/Documents/www/K8sPipeline/PipelineBackend/node_modules/ts-node/src/index.ts:1618:23)
    at Module._extensions..js (node:internal/modules/cjs/loader:1213:10)
    at Object.require.extensions.<computed> [as .ts] (/Users/mac/Documents/www/K8sPipeline/PipelineBackend/node_modules/ts-node/src/index.ts:1621:12)
    at Module.load (node:internal/modules/cjs/loader:1037:32)
2023-02-04 21:09:35 error: uncaughtException: passport_bitbucket_oauth2_1.default is not a constructor
TypeError: passport_bitbucket_oauth2_1.default is not a constructor
    at AuthStrategyRepository.configureBitbucket (/Users/mac/Documents/www/K8sPipeline/PipelineBackend/src/repositories/authStrategy.repository.ts:62:7)
    at AuthStrategyRepository.authenticateStategy (/Users/mac/Documents/www/K8sPipeline/PipelineBackend/src/repositories/authStrategy.repository.ts:87:12)
    at App.registerRestRoute (/Users/mac/Documents/www/K8sPipeline/PipelineBackend/src/app.ts:53:54)
    at new App (/Users/mac/Documents/www/K8sPipeline/PipelineBackend/src/app.ts:33:10)
    at Object.<anonymous> (/Users/mac/Documents/www/K8sPipeline/PipelineBackend/src/server.ts:9:13)
    at Module._compile (node:internal/modules/cjs/loader:1159:14)
    at Module.m._compile (/Users/mac/Documents/www/K8sPipeline/PipelineBackend/node_modules/ts-node/src/index.ts:1618:23)
    at Module._extensions..js (node:internal/modules/cjs/loader:1213:10)
    at Object.require.extensions.<computed> [as .ts] (/Users/mac/Documents/www/K8sPipeline/PipelineBackend/node_modules/ts-node/src/index.ts:1621:12)
    at Module.load (node:internal/modules/cjs/loader:1037:32)
2023-02-04 21:10:14 error: uncaughtException: passport_bitbucket_oauth2_1.default is not a constructor
TypeError: passport_bitbucket_oauth2_1.default is not a constructor
    at AuthStrategyRepository.configureBitbucket (/Users/mac/Documents/www/K8sPipeline/PipelineBackend/src/repositories/authStrategy.repository.ts:62:7)
    at AuthStrategyRepository.authenticateStategy (/Users/mac/Documents/www/K8sPipeline/PipelineBackend/src/repositories/authStrategy.repository.ts:87:12)
    at App.registerRestRoute (/Users/mac/Documents/www/K8sPipeline/PipelineBackend/src/app.ts:53:54)
    at new App (/Users/mac/Documents/www/K8sPipeline/PipelineBackend/src/app.ts:33:10)
    at Object.<anonymous> (/Users/mac/Documents/www/K8sPipeline/PipelineBackend/src/server.ts:9:13)
    at Module._compile (node:internal/modules/cjs/loader:1159:14)
    at Module.m._compile (/Users/mac/Documents/www/K8sPipeline/PipelineBackend/node_modules/ts-node/src/index.ts:1618:23)
    at Module._extensions..js (node:internal/modules/cjs/loader:1213:10)
    at Object.require.extensions.<computed> [as .ts] (/Users/mac/Documents/www/K8sPipeline/PipelineBackend/node_modules/ts-node/src/index.ts:1621:12)
    at Module.load (node:internal/modules/cjs/loader:1037:32)
2023-02-04 21:12:54 error: uncaughtException: passport_bitbucket_oauth2_1.default is not a constructor
TypeError: passport_bitbucket_oauth2_1.default is not a constructor
    at AuthStrategyRepository.configureBitbucket (/Users/mac/Documents/www/K8sPipeline/PipelineBackend/src/repositories/authStrategy.repository.ts:62:7)
    at AuthStrategyRepository.authenticateStategy (/Users/mac/Documents/www/K8sPipeline/PipelineBackend/src/repositories/authStrategy.repository.ts:87:12)
    at App.registerRestRoute (/Users/mac/Documents/www/K8sPipeline/PipelineBackend/src/app.ts:53:54)
    at new App (/Users/mac/Documents/www/K8sPipeline/PipelineBackend/src/app.ts:33:10)
    at Object.<anonymous> (/Users/mac/Documents/www/K8sPipeline/PipelineBackend/src/server.ts:9:13)
    at Module._compile (node:internal/modules/cjs/loader:1159:14)
    at Module.m._compile (/Users/mac/Documents/www/K8sPipeline/PipelineBackend/node_modules/ts-node/src/index.ts:1618:23)
    at Module._extensions..js (node:internal/modules/cjs/loader:1213:10)
    at Object.require.extensions.<computed> [as .ts] (/Users/mac/Documents/www/K8sPipeline/PipelineBackend/node_modules/ts-node/src/index.ts:1621:12)
    at Module.load (node:internal/modules/cjs/loader:1037:32)
2023-02-04 21:12:57 error: uncaughtException: passport_bitbucket_oauth2_1.default is not a constructor
TypeError: passport_bitbucket_oauth2_1.default is not a constructor
    at AuthStrategyRepository.configureBitbucket (/Users/mac/Documents/www/K8sPipeline/PipelineBackend/src/repositories/authStrategy.repository.ts:62:7)
    at AuthStrategyRepository.authenticateStategy (/Users/mac/Documents/www/K8sPipeline/PipelineBackend/src/repositories/authStrategy.repository.ts:87:12)
    at App.registerRestRoute (/Users/mac/Documents/www/K8sPipeline/PipelineBackend/src/app.ts:53:54)
    at new App (/Users/mac/Documents/www/K8sPipeline/PipelineBackend/src/app.ts:33:10)
    at Object.<anonymous> (/Users/mac/Documents/www/K8sPipeline/PipelineBackend/src/server.ts:9:13)
    at Module._compile (node:internal/modules/cjs/loader:1159:14)
    at Module.m._compile (/Users/mac/Documents/www/K8sPipeline/PipelineBackend/node_modules/ts-node/src/index.ts:1618:23)
    at Module._extensions..js (node:internal/modules/cjs/loader:1213:10)
    at Object.require.extensions.<computed> [as .ts] (/Users/mac/Documents/www/K8sPipeline/PipelineBackend/node_modules/ts-node/src/index.ts:1621:12)
    at Module.load (node:internal/modules/cjs/loader:1037:32)
