2023-02-12 09:56:36 error: uncaughtException: listen EADDRINUSE: address already in use :::3000
Error: listen EADDRINUSE: address already in use :::3000
    at Server.setupListenHandle [as _listen2] (node:net:1485:16)
    at listenInCluster (node:net:1533:12)
    at Server.listen (node:net:1621:7)
    at App.listen (/Users/mac/Documents/www/K8sPipeline/PipelineBackend/src/app.ts:60:21)
    at Object.<anonymous> (/Users/mac/Documents/www/K8sPipeline/PipelineBackend/src/server.ts:8:5)
    at Module._compile (node:internal/modules/cjs/loader:1159:14)
    at Module.m._compile (/Users/mac/Documents/www/K8sPipeline/PipelineBackend/node_modules/ts-node/src/index.ts:1618:23)
    at Module._extensions..js (node:internal/modules/cjs/loader:1213:10)
    at Object.require.extensions.<computed> [as .ts] (/Users/mac/Documents/www/K8sPipeline/PipelineBackend/node_modules/ts-node/src/index.ts:1621:12)
    at Module.load (node:internal/modules/cjs/loader:1037:32)
2023-02-12 17:31:52 error: uncaughtException: Cannot access 'PipelineEntity' before initialization
ReferenceError: Cannot access 'PipelineEntity' before initialization
    at Object.get [as PipelineEntity] (/Users/mac/Documents/www/K8sPipeline/App/dist/entities/pipeline.entity.js:7:14)
    at Object.<anonymous> (/Users/mac/Documents/www/K8sPipeline/App/dist/entities/pipelineSetting.entity.js:52:54)
    at Module._compile (node:internal/modules/cjs/loader:1159:14)
    at Module._extensions..js (node:internal/modules/cjs/loader:1213:10)
    at Module.load (node:internal/modules/cjs/loader:1037:32)
    at Module._load (node:internal/modules/cjs/loader:878:12)
    at Module.require (node:internal/modules/cjs/loader:1061:19)
    at require (node:internal/modules/cjs/helpers:103:18)
    at Object.<anonymous> (/Users/mac/Documents/www/K8sPipeline/App/dist/entities/pipeline.entity.js:9:32)
    at Module._compile (node:internal/modules/cjs/loader:1159:14)
